timeStamp,elapsed,label,responseCode,responseMessage,threadName,dataType,success,failureMessage,bytes,sentBytes,grpThreads,allThreads,URL,Latency,IdleTime,Connect
1552405244744,294,HTTP Request,200,,Thread Group 1-1,text,true,,5338,407,2,2,http://kthboyz-fairgrounds.herokuapp.com/pub/home,245,0,82
1552405244744,245,HTTP Request-0,302,,Thread Group 1-1,,true,,424,262,2,2,http://kthboyz-fairgrounds.herokuapp.com/pub/login,245,0,82
1552405244989,49,HTTP Request-1,200,,Thread Group 1-1,text,true,,4914,145,2,2,http://kthboyz-fairgrounds.herokuapp.com/pub/home,49,0,0
1552405245036,256,HTTP Request,200,,Thread Group 1-2,text,true,,5338,407,1,1,http://kthboyz-fairgrounds.herokuapp.com/pub/home,203,0,43
1552405245036,203,HTTP Request-0,302,,Thread Group 1-2,,true,,424,262,1,1,http://kthboyz-fairgrounds.herokuapp.com/pub/login,203,0,43
1552405245239,53,HTTP Request-1,200,,Thread Group 1-2,text,true,,4914,145,1,1,http://kthboyz-fairgrounds.herokuapp.com/pub/home,53,0,0
1552405245326,252,HTTP Request,200,,Thread Group 1-3,text,true,,5338,407,1,1,http://kthboyz-fairgrounds.herokuapp.com/pub/home,202,0,43
1552405245326,202,HTTP Request-0,302,,Thread Group 1-3,,true,,424,262,1,1,http://kthboyz-fairgrounds.herokuapp.com/pub/login,202,0,43
1552405245528,50,HTTP Request-1,200,,Thread Group 1-3,text,true,,4914,145,1,1,http://kthboyz-fairgrounds.herokuapp.com/pub/home,50,0,0
1552405245616,249,HTTP Request,200,,Thread Group 1-4,text,true,,5338,407,1,1,http://kthboyz-fairgrounds.herokuapp.com/pub/home,200,0,42
1552405245616,200,HTTP Request-0,302,,Thread Group 1-4,,true,,424,262,1,1,http://kthboyz-fairgrounds.herokuapp.com/pub/login,200,0,42
1552405245816,49,HTTP Request-1,200,,Thread Group 1-4,text,true,,4914,145,1,1,http://kthboyz-fairgrounds.herokuapp.com/pub/home,49,0,0
1552405245901,262,HTTP Request,200,,Thread Group 1-5,text,true,,5338,407,1,1,http://kthboyz-fairgrounds.herokuapp.com/pub/home,212,0,42
1552405245901,212,HTTP Request-0,302,,Thread Group 1-5,,true,,424,262,1,1,http://kthboyz-fairgrounds.herokuapp.com/pub/login,212,0,42
1552405246113,50,HTTP Request-1,200,,Thread Group 1-5,text,true,,4914,145,1,1,http://kthboyz-fairgrounds.herokuapp.com/pub/home,50,0,0
1552405246194,256,HTTP Request,200,,Thread Group 1-6,text,true,,5338,407,1,1,http://kthboyz-fairgrounds.herokuapp.com/pub/home,205,0,42
1552405246194,205,HTTP Request-0,302,,Thread Group 1-6,,true,,424,262,1,1,http://kthboyz-fairgrounds.herokuapp.com/pub/login,205,0,42
1552405246399,51,HTTP Request-1,200,,Thread Group 1-6,text,true,,4914,145,1,1,http://kthboyz-fairgrounds.herokuapp.com/pub/home,51,0,0
1552405246477,272,HTTP Request,200,,Thread Group 1-7,text,true,,5338,407,1,1,http://kthboyz-fairgrounds.herokuapp.com/pub/home,211,0,42
1552405246477,211,HTTP Request-0,302,,Thread Group 1-7,,true,,424,262,1,1,http://kthboyz-fairgrounds.herokuapp.com/pub/login,211,0,42
1552405246688,61,HTTP Request-1,200,,Thread Group 1-7,text,true,,4914,145,1,1,http://kthboyz-fairgrounds.herokuapp.com/pub/home,61,0,0
1552405246766,347,HTTP Request,200,,Thread Group 1-8,text,true,,5338,407,2,2,http://kthboyz-fairgrounds.herokuapp.com/pub/home,229,0,42
1552405246766,229,HTTP Request-0,302,,Thread Group 1-8,,true,,424,262,2,2,http://kthboyz-fairgrounds.herokuapp.com/pub/login,229,0,42
1552405246995,118,HTTP Request-1,200,,Thread Group 1-8,text,true,,4914,145,2,2,http://kthboyz-fairgrounds.herokuapp.com/pub/home,118,0,0
1552405247056,305,HTTP Request,200,,Thread Group 1-9,text,true,,5338,407,2,2,http://kthboyz-fairgrounds.herokuapp.com/pub/home,255,0,103
1552405247056,255,HTTP Request-0,302,,Thread Group 1-9,,true,,424,262,2,2,http://kthboyz-fairgrounds.herokuapp.com/pub/login,255,0,103
1552405247311,50,HTTP Request-1,200,,Thread Group 1-9,text,true,,4914,145,2,2,http://kthboyz-fairgrounds.herokuapp.com/pub/home,50,0,0
1552405247346,256,HTTP Request,200,,Thread Group 1-10,text,true,,5338,407,1,1,http://kthboyz-fairgrounds.herokuapp.com/pub/home,206,0,41
1552405247346,206,HTTP Request-0,302,,Thread Group 1-10,,true,,424,262,1,1,http://kthboyz-fairgrounds.herokuapp.com/pub/login,206,0,41
1552405247552,50,HTTP Request-1,200,,Thread Group 1-10,text,true,,4914,145,1,1,http://kthboyz-fairgrounds.herokuapp.com/pub/home,50,0,0
1552405247633,262,HTTP Request,200,,Thread Group 1-11,text,true,,5338,407,1,1,http://kthboyz-fairgrounds.herokuapp.com/pub/home,209,0,43
1552405247633,209,HTTP Request-0,302,,Thread Group 1-11,,true,,424,262,1,1,http://kthboyz-fairgrounds.herokuapp.com/pub/login,209,0,43
1552405247842,53,HTTP Request-1,200,,Thread Group 1-11,text,true,,4914,145,1,1,http://kthboyz-fairgrounds.herokuapp.com/pub/home,53,0,0
1552405247921,287,HTTP Request,200,,Thread Group 1-12,text,true,,5338,407,1,1,http://kthboyz-fairgrounds.herokuapp.com/pub/home,234,0,43
1552405247921,234,HTTP Request-0,302,,Thread Group 1-12,,true,,424,262,1,1,http://kthboyz-fairgrounds.herokuapp.com/pub/login,234,0,43
1552405248155,53,HTTP Request-1,200,,Thread Group 1-12,text,true,,4914,145,1,1,http://kthboyz-fairgrounds.herokuapp.com/pub/home,53,0,0
1552405248212,375,HTTP Request,200,,Thread Group 1-13,text,true,,5338,407,2,2,http://kthboyz-fairgrounds.herokuapp.com/pub/home,322,0,42
1552405248212,322,HTTP Request-0,302,,Thread Group 1-13,,true,,424,262,2,2,http://kthboyz-fairgrounds.herokuapp.com/pub/login,322,0,42
1552405248534,53,HTTP Request-1,200,,Thread Group 1-13,text,true,,4914,145,2,2,http://kthboyz-fairgrounds.herokuapp.com/pub/home,53,0,0
1552405248502,286,HTTP Request,200,,Thread Group 1-14,text,true,,5338,407,1,1,http://kthboyz-fairgrounds.herokuapp.com/pub/home,234,0,43
1552405248502,234,HTTP Request-0,302,,Thread Group 1-14,,true,,424,262,1,1,http://kthboyz-fairgrounds.herokuapp.com/pub/login,234,0,43
1552405248736,52,HTTP Request-1,200,,Thread Group 1-14,text,true,,4914,145,1,1,http://kthboyz-fairgrounds.herokuapp.com/pub/home,52,0,0
1552405248792,308,HTTP Request,200,,Thread Group 1-15,text,true,,5338,407,2,2,http://kthboyz-fairgrounds.herokuapp.com/pub/home,246,0,43
1552405248792,246,HTTP Request-0,302,,Thread Group 1-15,,true,,424,262,2,2,http://kthboyz-fairgrounds.herokuapp.com/pub/login,246,0,43
1552405249038,62,HTTP Request-1,200,,Thread Group 1-15,text,true,,4914,145,2,2,http://kthboyz-fairgrounds.herokuapp.com/pub/home,62,0,0
1552405249076,265,HTTP Request,200,,Thread Group 1-16,text,true,,5338,407,1,1,http://kthboyz-fairgrounds.herokuapp.com/pub/home,212,0,44
1552405249076,212,HTTP Request-0,302,,Thread Group 1-16,,true,,424,262,1,1,http://kthboyz-fairgrounds.herokuapp.com/pub/login,212,0,44
1552405249288,53,HTTP Request-1,200,,Thread Group 1-16,text,true,,4914,145,1,1,http://kthboyz-fairgrounds.herokuapp.com/pub/home,53,0,0
1552405249369,249,HTTP Request,200,,Thread Group 1-17,text,true,,5338,407,1,1,http://kthboyz-fairgrounds.herokuapp.com/pub/home,200,0,42
1552405249369,200,HTTP Request-0,302,,Thread Group 1-17,,true,,424,262,1,1,http://kthboyz-fairgrounds.herokuapp.com/pub/login,200,0,42
1552405249569,49,HTTP Request-1,200,,Thread Group 1-17,text,true,,4914,145,1,1,http://kthboyz-fairgrounds.herokuapp.com/pub/home,49,0,0
1552405249656,288,HTTP Request,200,,Thread Group 1-18,text,true,,5338,407,1,1,http://kthboyz-fairgrounds.herokuapp.com/pub/home,199,0,43
1552405249656,199,HTTP Request-0,302,,Thread Group 1-18,,true,,424,262,1,1,http://kthboyz-fairgrounds.herokuapp.com/pub/login,199,0,43
1552405249856,88,HTTP Request-1,200,,Thread Group 1-18,text,true,,4914,145,1,1,http://kthboyz-fairgrounds.herokuapp.com/pub/home,88,0,0
1552405249946,264,HTTP Request,200,,Thread Group 1-19,text,true,,5338,407,1,1,http://kthboyz-fairgrounds.herokuapp.com/pub/home,207,0,43
1552405249946,207,HTTP Request-0,302,,Thread Group 1-19,,true,,424,262,1,1,http://kthboyz-fairgrounds.herokuapp.com/pub/login,207,0,43
1552405250153,57,HTTP Request-1,200,,Thread Group 1-19,text,true,,4914,145,1,1,http://kthboyz-fairgrounds.herokuapp.com/pub/home,57,0,0
1552405250237,262,HTTP Request,200,,Thread Group 1-20,text,true,,5338,407,1,1,http://kthboyz-fairgrounds.herokuapp.com/pub/home,212,0,43
1552405250237,212,HTTP Request-0,302,,Thread Group 1-20,,true,,424,262,1,1,http://kthboyz-fairgrounds.herokuapp.com/pub/login,212,0,43
1552405250449,50,HTTP Request-1,200,,Thread Group 1-20,text,true,,4914,145,1,1,http://kthboyz-fairgrounds.herokuapp.com/pub/home,50,0,0
1552405250528,277,HTTP Request,200,,Thread Group 1-21,text,true,,5338,407,1,1,http://kthboyz-fairgrounds.herokuapp.com/pub/home,226,0,43
1552405250528,226,HTTP Request-0,302,,Thread Group 1-21,,true,,424,262,1,1,http://kthboyz-fairgrounds.herokuapp.com/pub/login,226,0,43
1552405250755,50,HTTP Request-1,200,,Thread Group 1-21,text,true,,4914,145,1,1,http://kthboyz-fairgrounds.herokuapp.com/pub/home,50,0,0
1552405250812,270,HTTP Request,200,,Thread Group 1-22,text,true,,5338,407,1,1,http://kthboyz-fairgrounds.herokuapp.com/pub/home,220,0,41
1552405250812,220,HTTP Request-0,302,,Thread Group 1-22,,true,,424,262,1,1,http://kthboyz-fairgrounds.herokuapp.com/pub/login,220,0,41
1552405251032,50,HTTP Request-1,200,,Thread Group 1-22,text,true,,4914,145,1,1,http://kthboyz-fairgrounds.herokuapp.com/pub/home,49,0,0
1552405251103,256,HTTP Request,200,,Thread Group 1-23,text,true,,5338,407,1,1,http://kthboyz-fairgrounds.herokuapp.com/pub/home,202,0,42
1552405251103,202,HTTP Request-0,302,,Thread Group 1-23,,true,,424,262,1,1,http://kthboyz-fairgrounds.herokuapp.com/pub/login,202,0,42
1552405251305,54,HTTP Request-1,200,,Thread Group 1-23,text,true,,4914,145,1,1,http://kthboyz-fairgrounds.herokuapp.com/pub/home,54,0,0
1552405251393,261,HTTP Request,200,,Thread Group 1-24,text,true,,5338,407,1,1,http://kthboyz-fairgrounds.herokuapp.com/pub/home,210,0,42
1552405251393,210,HTTP Request-0,302,,Thread Group 1-24,,true,,424,262,1,1,http://kthboyz-fairgrounds.herokuapp.com/pub/login,210,0,42
1552405251603,51,HTTP Request-1,200,,Thread Group 1-24,text,true,,4914,145,1,1,http://kthboyz-fairgrounds.herokuapp.com/pub/home,50,0,0
1552405251678,249,HTTP Request,200,,Thread Group 1-25,text,true,,5338,407,1,1,http://kthboyz-fairgrounds.herokuapp.com/pub/home,200,0,43
1552405251678,200,HTTP Request-0,302,,Thread Group 1-25,,true,,424,262,1,1,http://kthboyz-fairgrounds.herokuapp.com/pub/login,200,0,43
1552405251878,49,HTTP Request-1,200,,Thread Group 1-25,text,true,,4914,145,1,1,http://kthboyz-fairgrounds.herokuapp.com/pub/home,49,0,0
1552405251968,252,HTTP Request,200,,Thread Group 1-26,text,true,,5338,407,1,1,http://kthboyz-fairgrounds.herokuapp.com/pub/home,198,0,42
1552405251968,198,HTTP Request-0,302,,Thread Group 1-26,,true,,424,262,1,1,http://kthboyz-fairgrounds.herokuapp.com/pub/login,198,0,42
1552405252166,54,HTTP Request-1,200,,Thread Group 1-26,text,true,,4914,145,1,1,http://kthboyz-fairgrounds.herokuapp.com/pub/home,54,0,0
1552405252264,250,HTTP Request,200,,Thread Group 1-27,text,true,,5338,407,1,1,http://kthboyz-fairgrounds.herokuapp.com/pub/home,200,0,42
1552405252264,200,HTTP Request-0,302,,Thread Group 1-27,,true,,424,262,1,1,http://kthboyz-fairgrounds.herokuapp.com/pub/login,200,0,42
1552405252464,50,HTTP Request-1,200,,Thread Group 1-27,text,true,,4914,145,1,1,http://kthboyz-fairgrounds.herokuapp.com/pub/home,50,0,0
1552405252552,252,HTTP Request,200,,Thread Group 1-28,text,true,,5338,407,1,1,http://kthboyz-fairgrounds.herokuapp.com/pub/home,202,0,42
1552405252552,202,HTTP Request-0,302,,Thread Group 1-28,,true,,424,262,1,1,http://kthboyz-fairgrounds.herokuapp.com/pub/login,202,0,42
1552405252754,50,HTTP Request-1,200,,Thread Group 1-28,text,true,,4914,145,1,1,http://kthboyz-fairgrounds.herokuapp.com/pub/home,50,0,0
1552405252853,275,HTTP Request,200,,Thread Group 1-29,text,true,,5338,407,1,1,http://kthboyz-fairgrounds.herokuapp.com/pub/home,225,0,43
1552405252853,225,HTTP Request-0,302,,Thread Group 1-29,,true,,424,262,1,1,http://kthboyz-fairgrounds.herokuapp.com/pub/login,225,0,43
1552405253079,49,HTTP Request-1,200,,Thread Group 1-29,text,true,,4914,145,1,1,http://kthboyz-fairgrounds.herokuapp.com/pub/home,49,0,0
1552405253146,260,HTTP Request,200,,Thread Group 1-30,text,true,,5338,407,1,1,http://kthboyz-fairgrounds.herokuapp.com/pub/home,208,0,43
1552405253146,208,HTTP Request-0,302,,Thread Group 1-30,,true,,424,262,1,1,http://kthboyz-fairgrounds.herokuapp.com/pub/login,208,0,43
1552405253354,52,HTTP Request-1,200,,Thread Group 1-30,text,true,,4914,145,1,1,http://kthboyz-fairgrounds.herokuapp.com/pub/home,52,0,0
1552405253444,258,HTTP Request,200,,Thread Group 1-31,text,true,,5338,407,1,1,http://kthboyz-fairgrounds.herokuapp.com/pub/home,206,0,41
1552405253444,206,HTTP Request-0,302,,Thread Group 1-31,,true,,424,262,1,1,http://kthboyz-fairgrounds.herokuapp.com/pub/login,206,0,41
1552405253650,52,HTTP Request-1,200,,Thread Group 1-31,text,true,,4914,145,1,1,http://kthboyz-fairgrounds.herokuapp.com/pub/home,50,0,0
1552405253733,384,HTTP Request,200,,Thread Group 1-32,text,true,,5338,407,2,2,http://kthboyz-fairgrounds.herokuapp.com/pub/home,327,0,43
1552405253733,327,HTTP Request-0,302,,Thread Group 1-32,,true,,424,262,2,2,http://kthboyz-fairgrounds.herokuapp.com/pub/login,327,0,43
1552405254060,57,HTTP Request-1,200,,Thread Group 1-32,text,true,,4914,145,2,2,http://kthboyz-fairgrounds.herokuapp.com/pub/home,57,0,0
1552405254022,277,HTTP Request,200,,Thread Group 1-33,text,true,,5338,407,1,1,http://kthboyz-fairgrounds.herokuapp.com/pub/home,229,0,41
1552405254022,229,HTTP Request-0,302,,Thread Group 1-33,,true,,424,262,1,1,http://kthboyz-fairgrounds.herokuapp.com/pub/login,229,0,41
1552405254251,48,HTTP Request-1,200,,Thread Group 1-33,text,true,,4914,145,1,1,http://kthboyz-fairgrounds.herokuapp.com/pub/home,48,0,0
1552405254315,256,HTTP Request,200,,Thread Group 1-34,text,true,,5338,407,1,1,http://kthboyz-fairgrounds.herokuapp.com/pub/home,206,0,43
1552405254315,206,HTTP Request-0,302,,Thread Group 1-34,,true,,424,262,1,1,http://kthboyz-fairgrounds.herokuapp.com/pub/login,206,0,43
1552405254521,50,HTTP Request-1,200,,Thread Group 1-34,text,true,,4914,145,1,1,http://kthboyz-fairgrounds.herokuapp.com/pub/home,50,0,0
1552405254597,253,HTTP Request,200,,Thread Group 1-35,text,true,,5338,407,1,1,http://kthboyz-fairgrounds.herokuapp.com/pub/home,202,0,41
1552405254597,202,HTTP Request-0,302,,Thread Group 1-35,,true,,424,262,1,1,http://kthboyz-fairgrounds.herokuapp.com/pub/login,202,0,41
1552405254801,49,HTTP Request-1,200,,Thread Group 1-35,text,true,,4914,145,1,1,http://kthboyz-fairgrounds.herokuapp.com/pub/home,49,0,0
1552405254890,262,HTTP Request,200,,Thread Group 1-36,text,true,,5338,407,1,1,http://kthboyz-fairgrounds.herokuapp.com/pub/home,212,0,42
1552405254890,212,HTTP Request-0,302,,Thread Group 1-36,,true,,424,262,1,1,http://kthboyz-fairgrounds.herokuapp.com/pub/login,212,0,42
1552405255102,50,HTTP Request-1,200,,Thread Group 1-36,text,true,,4914,145,1,1,http://kthboyz-fairgrounds.herokuapp.com/pub/home,50,0,0
1552405255195,253,HTTP Request,200,,Thread Group 1-37,text,true,,5338,407,1,1,http://kthboyz-fairgrounds.herokuapp.com/pub/home,202,0,43
1552405255195,202,HTTP Request-0,302,,Thread Group 1-37,,true,,424,262,1,1,http://kthboyz-fairgrounds.herokuapp.com/pub/login,202,0,43
1552405255397,51,HTTP Request-1,200,,Thread Group 1-37,text,true,,4914,145,1,1,http://kthboyz-fairgrounds.herokuapp.com/pub/home,51,0,0
1552405255469,253,HTTP Request,200,,Thread Group 1-38,text,true,,5338,407,1,1,http://kthboyz-fairgrounds.herokuapp.com/pub/home,201,0,42
1552405255469,201,HTTP Request-0,302,,Thread Group 1-38,,true,,424,262,1,1,http://kthboyz-fairgrounds.herokuapp.com/pub/login,201,0,42
1552405255670,52,HTTP Request-1,200,,Thread Group 1-38,text,true,,4914,145,1,1,http://kthboyz-fairgrounds.herokuapp.com/pub/home,52,0,0
1552405255757,256,HTTP Request,200,,Thread Group 1-39,text,true,,5338,407,1,1,http://kthboyz-fairgrounds.herokuapp.com/pub/home,206,0,43
1552405255757,206,HTTP Request-0,302,,Thread Group 1-39,,true,,424,262,1,1,http://kthboyz-fairgrounds.herokuapp.com/pub/login,206,0,43
1552405255963,50,HTTP Request-1,200,,Thread Group 1-39,text,true,,4914,145,1,1,http://kthboyz-fairgrounds.herokuapp.com/pub/home,50,0,0
1552405256045,269,HTTP Request,200,,Thread Group 1-40,text,true,,5338,407,1,1,http://kthboyz-fairgrounds.herokuapp.com/pub/home,215,0,42
1552405256045,215,HTTP Request-0,302,,Thread Group 1-40,,true,,424,262,1,1,http://kthboyz-fairgrounds.herokuapp.com/pub/login,215,0,42
1552405256261,53,HTTP Request-1,200,,Thread Group 1-40,text,true,,4914,145,1,1,http://kthboyz-fairgrounds.herokuapp.com/pub/home,53,0,0
1552405256335,255,HTTP Request,200,,Thread Group 1-41,text,true,,5338,407,1,1,http://kthboyz-fairgrounds.herokuapp.com/pub/home,206,0,43
1552405256335,206,HTTP Request-0,302,,Thread Group 1-41,,true,,424,262,1,1,http://kthboyz-fairgrounds.herokuapp.com/pub/login,206,0,43
1552405256541,49,HTTP Request-1,200,,Thread Group 1-41,text,true,,4914,145,1,1,http://kthboyz-fairgrounds.herokuapp.com/pub/home,49,0,0
1552405256621,258,HTTP Request,200,,Thread Group 1-42,text,true,,5338,407,1,1,http://kthboyz-fairgrounds.herokuapp.com/pub/home,204,0,43
1552405256621,204,HTTP Request-0,302,,Thread Group 1-42,,true,,424,262,1,1,http://kthboyz-fairgrounds.herokuapp.com/pub/login,204,0,43
1552405256825,54,HTTP Request-1,200,,Thread Group 1-42,text,true,,4914,145,1,1,http://kthboyz-fairgrounds.herokuapp.com/pub/home,54,0,0
1552405256910,252,HTTP Request,200,,Thread Group 1-43,text,true,,5338,407,1,1,http://kthboyz-fairgrounds.herokuapp.com/pub/home,202,0,42
1552405256910,202,HTTP Request-0,302,,Thread Group 1-43,,true,,424,262,1,1,http://kthboyz-fairgrounds.herokuapp.com/pub/login,202,0,42
1552405257112,50,HTTP Request-1,200,,Thread Group 1-43,text,true,,4914,145,1,1,http://kthboyz-fairgrounds.herokuapp.com/pub/home,50,0,0
1552405257200,254,HTTP Request,200,,Thread Group 1-44,text,true,,5338,407,1,1,http://kthboyz-fairgrounds.herokuapp.com/pub/home,205,0,43
1552405257200,205,HTTP Request-0,302,,Thread Group 1-44,,true,,424,262,1,1,http://kthboyz-fairgrounds.herokuapp.com/pub/login,205,0,43
1552405257405,49,HTTP Request-1,200,,Thread Group 1-44,text,true,,4914,145,1,1,http://kthboyz-fairgrounds.herokuapp.com/pub/home,49,0,0
1552405257490,253,HTTP Request,200,,Thread Group 1-45,text,true,,5338,407,1,1,http://kthboyz-fairgrounds.herokuapp.com/pub/home,204,0,43
1552405257490,204,HTTP Request-0,302,,Thread Group 1-45,,true,,424,262,1,1,http://kthboyz-fairgrounds.herokuapp.com/pub/login,204,0,43
1552405257694,49,HTTP Request-1,200,,Thread Group 1-45,text,true,,4914,145,1,1,http://kthboyz-fairgrounds.herokuapp.com/pub/home,49,0,0
1552405257777,258,HTTP Request,200,,Thread Group 1-46,text,true,,5338,407,1,1,http://kthboyz-fairgrounds.herokuapp.com/pub/home,207,0,43
1552405257777,207,HTTP Request-0,302,,Thread Group 1-46,,true,,424,262,1,1,http://kthboyz-fairgrounds.herokuapp.com/pub/login,207,0,43
1552405257984,51,HTTP Request-1,200,,Thread Group 1-46,text,true,,4914,145,1,1,http://kthboyz-fairgrounds.herokuapp.com/pub/home,51,0,0
1552405258064,292,HTTP Request,200,,Thread Group 1-47,text,true,,5338,407,2,2,http://kthboyz-fairgrounds.herokuapp.com/pub/home,241,0,43
1552405258064,241,HTTP Request-0,302,,Thread Group 1-47,,true,,424,262,2,2,http://kthboyz-fairgrounds.herokuapp.com/pub/login,241,0,43
1552405258305,51,HTTP Request-1,200,,Thread Group 1-47,text,true,,4914,145,2,2,http://kthboyz-fairgrounds.herokuapp.com/pub/home,51,0,0
1552405258354,260,HTTP Request,200,,Thread Group 1-48,text,true,,5338,407,1,1,http://kthboyz-fairgrounds.herokuapp.com/pub/home,211,0,44
1552405258354,211,HTTP Request-0,302,,Thread Group 1-48,,true,,424,262,1,1,http://kthboyz-fairgrounds.herokuapp.com/pub/login,211,0,44
1552405258565,49,HTTP Request-1,200,,Thread Group 1-48,text,true,,4914,145,1,1,http://kthboyz-fairgrounds.herokuapp.com/pub/home,49,0,0
1552405258642,249,HTTP Request,200,,Thread Group 1-49,text,true,,5338,407,1,1,http://kthboyz-fairgrounds.herokuapp.com/pub/home,200,0,43
1552405258642,200,HTTP Request-0,302,,Thread Group 1-49,,true,,424,262,1,1,http://kthboyz-fairgrounds.herokuapp.com/pub/login,200,0,43
1552405258842,49,HTTP Request-1,200,,Thread Group 1-49,text,true,,4914,145,1,1,http://kthboyz-fairgrounds.herokuapp.com/pub/home,49,0,0
1552405258930,250,HTTP Request,200,,Thread Group 1-50,text,true,,5338,407,1,1,http://kthboyz-fairgrounds.herokuapp.com/pub/home,200,0,43
1552405258930,200,HTTP Request-0,302,,Thread Group 1-50,,true,,424,262,1,1,http://kthboyz-fairgrounds.herokuapp.com/pub/login,200,0,43
1552405259130,50,HTTP Request-1,200,,Thread Group 1-50,text,true,,4914,145,1,1,http://kthboyz-fairgrounds.herokuapp.com/pub/home,50,0,0
1552405259222,245,HTTP Request,200,,Thread Group 1-51,text,true,,5338,407,1,1,http://kthboyz-fairgrounds.herokuapp.com/pub/home,196,0,43
1552405259222,196,HTTP Request-0,302,,Thread Group 1-51,,true,,424,262,1,1,http://kthboyz-fairgrounds.herokuapp.com/pub/login,196,0,43
1552405259418,49,HTTP Request-1,200,,Thread Group 1-51,text,true,,4914,145,1,1,http://kthboyz-fairgrounds.herokuapp.com/pub/home,48,0,0
1552405259511,249,HTTP Request,200,,Thread Group 1-52,text,true,,5338,407,1,1,http://kthboyz-fairgrounds.herokuapp.com/pub/home,198,0,43
1552405259511,198,HTTP Request-0,302,,Thread Group 1-52,,true,,424,262,1,1,http://kthboyz-fairgrounds.herokuapp.com/pub/login,198,0,43
1552405259709,51,HTTP Request-1,200,,Thread Group 1-52,text,true,,4914,145,1,1,http://kthboyz-fairgrounds.herokuapp.com/pub/home,51,0,0
1552405259796,254,HTTP Request,200,,Thread Group 1-53,text,true,,5338,407,1,1,http://kthboyz-fairgrounds.herokuapp.com/pub/home,203,0,43
1552405259796,203,HTTP Request-0,302,,Thread Group 1-53,,true,,424,262,1,1,http://kthboyz-fairgrounds.herokuapp.com/pub/login,203,0,43
1552405259999,51,HTTP Request-1,200,,Thread Group 1-53,text,true,,4914,145,1,1,http://kthboyz-fairgrounds.herokuapp.com/pub/home,51,0,0
1552405260085,250,HTTP Request,200,,Thread Group 1-54,text,true,,5338,407,1,1,http://kthboyz-fairgrounds.herokuapp.com/pub/home,199,0,43
1552405260085,199,HTTP Request-0,302,,Thread Group 1-54,,true,,424,262,1,1,http://kthboyz-fairgrounds.herokuapp.com/pub/login,199,0,43
1552405260285,50,HTTP Request-1,200,,Thread Group 1-54,text,true,,4914,145,1,1,http://kthboyz-fairgrounds.herokuapp.com/pub/home,50,0,0
1552405260375,270,HTTP Request,200,,Thread Group 1-55,text,true,,5338,407,1,1,http://kthboyz-fairgrounds.herokuapp.com/pub/home,214,0,43
1552405260375,214,HTTP Request-0,302,,Thread Group 1-55,,true,,424,262,1,1,http://kthboyz-fairgrounds.herokuapp.com/pub/login,214,0,43
1552405260590,55,HTTP Request-1,200,,Thread Group 1-55,text,true,,4914,145,1,1,http://kthboyz-fairgrounds.herokuapp.com/pub/home,55,0,0
1552405260665,252,HTTP Request,200,,Thread Group 1-56,text,true,,5338,407,1,1,http://kthboyz-fairgrounds.herokuapp.com/pub/home,201,0,43
1552405260665,201,HTTP Request-0,302,,Thread Group 1-56,,true,,424,262,1,1,http://kthboyz-fairgrounds.herokuapp.com/pub/login,201,0,43
1552405260866,51,HTTP Request-1,200,,Thread Group 1-56,text,true,,4914,145,1,1,http://kthboyz-fairgrounds.herokuapp.com/pub/home,51,0,0
1552405260950,267,HTTP Request,200,,Thread Group 1-57,text,true,,5338,407,1,1,http://kthboyz-fairgrounds.herokuapp.com/pub/home,215,0,43
1552405260950,215,HTTP Request-0,302,,Thread Group 1-57,,true,,424,262,1,1,http://kthboyz-fairgrounds.herokuapp.com/pub/login,215,0,43
1552405261165,52,HTTP Request-1,200,,Thread Group 1-57,text,true,,4914,145,1,1,http://kthboyz-fairgrounds.herokuapp.com/pub/home,52,0,0
1552405261241,251,HTTP Request,200,,Thread Group 1-58,text,true,,5338,407,1,1,http://kthboyz-fairgrounds.herokuapp.com/pub/home,200,0,43
1552405261241,200,HTTP Request-0,302,,Thread Group 1-58,,true,,424,262,1,1,http://kthboyz-fairgrounds.herokuapp.com/pub/login,200,0,43
1552405261441,51,HTTP Request-1,200,,Thread Group 1-58,text,true,,4914,145,1,1,http://kthboyz-fairgrounds.herokuapp.com/pub/home,51,0,0
1552405261531,250,HTTP Request,200,,Thread Group 1-59,text,true,,5338,407,1,1,http://kthboyz-fairgrounds.herokuapp.com/pub/home,199,0,42
1552405261531,199,HTTP Request-0,302,,Thread Group 1-59,,true,,424,262,1,1,http://kthboyz-fairgrounds.herokuapp.com/pub/login,199,0,42
1552405261730,51,HTTP Request-1,200,,Thread Group 1-59,text,true,,4914,145,1,1,http://kthboyz-fairgrounds.herokuapp.com/pub/home,51,0,0
1552405261822,244,HTTP Request,200,,Thread Group 1-60,text,true,,5338,407,1,1,http://kthboyz-fairgrounds.herokuapp.com/pub/home,195,0,41
1552405261822,195,HTTP Request-0,302,,Thread Group 1-60,,true,,424,262,1,1,http://kthboyz-fairgrounds.herokuapp.com/pub/login,195,0,41
1552405262017,49,HTTP Request-1,200,,Thread Group 1-60,text,true,,4914,145,1,1,http://kthboyz-fairgrounds.herokuapp.com/pub/home,49,0,0
1552405262107,252,HTTP Request,200,,Thread Group 1-61,text,true,,5338,407,1,1,http://kthboyz-fairgrounds.herokuapp.com/pub/home,200,0,43
1552405262107,200,HTTP Request-0,302,,Thread Group 1-61,,true,,424,262,1,1,http://kthboyz-fairgrounds.herokuapp.com/pub/login,200,0,43
1552405262307,52,HTTP Request-1,200,,Thread Group 1-61,text,true,,4914,145,1,1,http://kthboyz-fairgrounds.herokuapp.com/pub/home,52,0,0
1552405262396,247,HTTP Request,200,,Thread Group 1-62,text,true,,5338,407,1,1,http://kthboyz-fairgrounds.herokuapp.com/pub/home,196,0,43
1552405262396,196,HTTP Request-0,302,,Thread Group 1-62,,true,,424,262,1,1,http://kthboyz-fairgrounds.herokuapp.com/pub/login,196,0,43
1552405262592,51,HTTP Request-1,200,,Thread Group 1-62,text,true,,4914,145,1,1,http://kthboyz-fairgrounds.herokuapp.com/pub/home,51,0,0
1552405262685,254,HTTP Request,200,,Thread Group 1-63,text,true,,5338,407,1,1,http://kthboyz-fairgrounds.herokuapp.com/pub/home,203,0,43
1552405262685,203,HTTP Request-0,302,,Thread Group 1-63,,true,,424,262,1,1,http://kthboyz-fairgrounds.herokuapp.com/pub/login,203,0,43
1552405262888,51,HTTP Request-1,200,,Thread Group 1-63,text,true,,4914,145,1,1,http://kthboyz-fairgrounds.herokuapp.com/pub/home,51,0,0
1552405262976,247,HTTP Request,200,,Thread Group 1-64,text,true,,5338,407,1,1,http://kthboyz-fairgrounds.herokuapp.com/pub/home,197,0,43
1552405262976,197,HTTP Request-0,302,,Thread Group 1-64,,true,,424,262,1,1,http://kthboyz-fairgrounds.herokuapp.com/pub/login,197,0,43
1552405263173,50,HTTP Request-1,200,,Thread Group 1-64,text,true,,4914,145,1,1,http://kthboyz-fairgrounds.herokuapp.com/pub/home,50,0,0
1552405263264,245,HTTP Request,200,,Thread Group 1-65,text,true,,5338,407,1,1,http://kthboyz-fairgrounds.herokuapp.com/pub/home,196,0,42
1552405263264,196,HTTP Request-0,302,,Thread Group 1-65,,true,,424,262,1,1,http://kthboyz-fairgrounds.herokuapp.com/pub/login,196,0,42
1552405263460,49,HTTP Request-1,200,,Thread Group 1-65,text,true,,4914,145,1,1,http://kthboyz-fairgrounds.herokuapp.com/pub/home,49,0,0
1552405263549,269,HTTP Request,200,,Thread Group 1-66,text,true,,5338,407,1,1,http://kthboyz-fairgrounds.herokuapp.com/pub/home,220,0,42
1552405263549,220,HTTP Request-0,302,,Thread Group 1-66,,true,,424,262,1,1,http://kthboyz-fairgrounds.herokuapp.com/pub/login,220,0,42
1552405263769,49,HTTP Request-1,200,,Thread Group 1-66,text,true,,4914,145,1,1,http://kthboyz-fairgrounds.herokuapp.com/pub/home,49,0,0
1552405263840,249,HTTP Request,200,,Thread Group 1-67,text,true,,5338,407,1,1,http://kthboyz-fairgrounds.herokuapp.com/pub/home,200,0,41
1552405263840,200,HTTP Request-0,302,,Thread Group 1-67,,true,,424,262,1,1,http://kthboyz-fairgrounds.herokuapp.com/pub/login,200,0,41
1552405264041,48,HTTP Request-1,200,,Thread Group 1-67,text,true,,4914,145,1,1,http://kthboyz-fairgrounds.herokuapp.com/pub/home,48,0,0
1552405264131,256,HTTP Request,200,,Thread Group 1-68,text,true,,5338,407,1,1,http://kthboyz-fairgrounds.herokuapp.com/pub/home,206,0,43
1552405264131,206,HTTP Request-0,302,,Thread Group 1-68,,true,,424,262,1,1,http://kthboyz-fairgrounds.herokuapp.com/pub/login,206,0,43
1552405264338,49,HTTP Request-1,200,,Thread Group 1-68,text,true,,4914,145,1,1,http://kthboyz-fairgrounds.herokuapp.com/pub/home,49,0,0
1552405264420,267,HTTP Request,200,,Thread Group 1-69,text,true,,5338,407,1,1,http://kthboyz-fairgrounds.herokuapp.com/pub/home,209,0,44
1552405264420,209,HTTP Request-0,302,,Thread Group 1-69,,true,,424,262,1,1,http://kthboyz-fairgrounds.herokuapp.com/pub/login,209,0,44
1552405264630,57,HTTP Request-1,200,,Thread Group 1-69,text,true,,4914,145,1,1,http://kthboyz-fairgrounds.herokuapp.com/pub/home,56,0,0
1552405264705,270,HTTP Request,200,,Thread Group 1-70,text,true,,5338,407,1,1,http://kthboyz-fairgrounds.herokuapp.com/pub/home,220,0,43
1552405264705,220,HTTP Request-0,302,,Thread Group 1-70,,true,,424,262,1,1,http://kthboyz-fairgrounds.herokuapp.com/pub/login,220,0,43
1552405264925,50,HTTP Request-1,200,,Thread Group 1-70,text,true,,4914,145,1,1,http://kthboyz-fairgrounds.herokuapp.com/pub/home,50,0,0
1552405264995,263,HTTP Request,200,,Thread Group 1-71,text,true,,5338,407,1,1,http://kthboyz-fairgrounds.herokuapp.com/pub/home,212,0,42
1552405264995,212,HTTP Request-0,302,,Thread Group 1-71,,true,,424,262,1,1,http://kthboyz-fairgrounds.herokuapp.com/pub/login,212,0,42
1552405265207,51,HTTP Request-1,200,,Thread Group 1-71,text,true,,4914,145,1,1,http://kthboyz-fairgrounds.herokuapp.com/pub/home,51,0,0
1552405265285,258,HTTP Request,200,,Thread Group 1-72,text,true,,5338,407,1,1,http://kthboyz-fairgrounds.herokuapp.com/pub/home,209,0,43
1552405265285,209,HTTP Request-0,302,,Thread Group 1-72,,true,,424,262,1,1,http://kthboyz-fairgrounds.herokuapp.com/pub/login,209,0,43
1552405265494,49,HTTP Request-1,200,,Thread Group 1-72,text,true,,4914,145,1,1,http://kthboyz-fairgrounds.herokuapp.com/pub/home,49,0,0
1552405265575,255,HTTP Request,200,,Thread Group 1-73,text,true,,5338,407,1,1,http://kthboyz-fairgrounds.herokuapp.com/pub/home,203,0,43
1552405265575,203,HTTP Request-0,302,,Thread Group 1-73,,true,,424,262,1,1,http://kthboyz-fairgrounds.herokuapp.com/pub/login,203,0,43
1552405265778,52,HTTP Request-1,200,,Thread Group 1-73,text,true,,4914,145,1,1,http://kthboyz-fairgrounds.herokuapp.com/pub/home,51,0,0
1552405265863,253,HTTP Request,200,,Thread Group 1-74,text,true,,5338,407,1,1,http://kthboyz-fairgrounds.herokuapp.com/pub/home,203,0,43
1552405265863,203,HTTP Request-0,302,,Thread Group 1-74,,true,,424,262,1,1,http://kthboyz-fairgrounds.herokuapp.com/pub/login,203,0,43
1552405266066,50,HTTP Request-1,200,,Thread Group 1-74,text,true,,4914,145,1,1,http://kthboyz-fairgrounds.herokuapp.com/pub/home,50,0,0
1552405266151,250,HTTP Request,200,,Thread Group 1-75,text,true,,5338,407,1,1,http://kthboyz-fairgrounds.herokuapp.com/pub/home,200,0,43
1552405266151,200,HTTP Request-0,302,,Thread Group 1-75,,true,,424,262,1,1,http://kthboyz-fairgrounds.herokuapp.com/pub/login,200,0,43
1552405266351,50,HTTP Request-1,200,,Thread Group 1-75,text,true,,4914,145,1,1,http://kthboyz-fairgrounds.herokuapp.com/pub/home,49,0,0
1552405266441,245,HTTP Request,200,,Thread Group 1-76,text,true,,5338,407,1,1,http://kthboyz-fairgrounds.herokuapp.com/pub/home,195,0,43
1552405266441,195,HTTP Request-0,302,,Thread Group 1-76,,true,,424,262,1,1,http://kthboyz-fairgrounds.herokuapp.com/pub/login,195,0,43
1552405266636,50,HTTP Request-1,200,,Thread Group 1-76,text,true,,4914,145,1,1,http://kthboyz-fairgrounds.herokuapp.com/pub/home,50,0,0
1552405266731,260,HTTP Request,200,,Thread Group 1-77,text,true,,5338,407,1,1,http://kthboyz-fairgrounds.herokuapp.com/pub/home,211,0,42
1552405266731,211,HTTP Request-0,302,,Thread Group 1-77,,true,,424,262,1,1,http://kthboyz-fairgrounds.herokuapp.com/pub/login,211,0,42
1552405266942,49,HTTP Request-1,200,,Thread Group 1-77,text,true,,4914,145,1,1,http://kthboyz-fairgrounds.herokuapp.com/pub/home,49,0,0
1552405267019,265,HTTP Request,200,,Thread Group 1-78,text,true,,5338,407,1,1,http://kthboyz-fairgrounds.herokuapp.com/pub/home,216,0,42
1552405267019,216,HTTP Request-0,302,,Thread Group 1-78,,true,,424,262,1,1,http://kthboyz-fairgrounds.herokuapp.com/pub/login,216,0,42
1552405267235,49,HTTP Request-1,200,,Thread Group 1-78,text,true,,4914,145,1,1,http://kthboyz-fairgrounds.herokuapp.com/pub/home,49,0,0
1552405267305,249,HTTP Request,200,,Thread Group 1-79,text,true,,5338,407,1,1,http://kthboyz-fairgrounds.herokuapp.com/pub/home,198,0,43
1552405267305,198,HTTP Request-0,302,,Thread Group 1-79,,true,,424,262,1,1,http://kthboyz-fairgrounds.herokuapp.com/pub/login,198,0,43
1552405267503,51,HTTP Request-1,200,,Thread Group 1-79,text,true,,4914,145,1,1,http://kthboyz-fairgrounds.herokuapp.com/pub/home,51,0,0
1552405267597,252,HTTP Request,200,,Thread Group 1-80,text,true,,5338,407,1,1,http://kthboyz-fairgrounds.herokuapp.com/pub/home,198,0,43
1552405267597,198,HTTP Request-0,302,,Thread Group 1-80,,true,,424,262,1,1,http://kthboyz-fairgrounds.herokuapp.com/pub/login,198,0,43
1552405267796,53,HTTP Request-1,200,,Thread Group 1-80,text,true,,4914,145,1,1,http://kthboyz-fairgrounds.herokuapp.com/pub/home,53,0,0
1552405267886,266,HTTP Request,200,,Thread Group 1-81,text,true,,5338,407,1,1,http://kthboyz-fairgrounds.herokuapp.com/pub/home,213,0,43
1552405267886,213,HTTP Request-0,302,,Thread Group 1-81,,true,,424,262,1,1,http://kthboyz-fairgrounds.herokuapp.com/pub/login,213,0,43
1552405268099,53,HTTP Request-1,200,,Thread Group 1-81,text,true,,4914,145,1,1,http://kthboyz-fairgrounds.herokuapp.com/pub/home,53,0,0
1552405268171,246,HTTP Request,200,,Thread Group 1-82,text,true,,5338,407,1,1,http://kthboyz-fairgrounds.herokuapp.com/pub/home,196,0,42
1552405268171,196,HTTP Request-0,302,,Thread Group 1-82,,true,,424,262,1,1,http://kthboyz-fairgrounds.herokuapp.com/pub/login,196,0,42
1552405268368,49,HTTP Request-1,200,,Thread Group 1-82,text,true,,4914,145,1,1,http://kthboyz-fairgrounds.herokuapp.com/pub/home,49,0,0
1552405268464,254,HTTP Request,200,,Thread Group 1-83,text,true,,5338,407,1,1,http://kthboyz-fairgrounds.herokuapp.com/pub/home,202,0,43
1552405268464,202,HTTP Request-0,302,,Thread Group 1-83,,true,,424,262,1,1,http://kthboyz-fairgrounds.herokuapp.com/pub/login,202,0,43
1552405268666,52,HTTP Request-1,200,,Thread Group 1-83,text,true,,4914,145,1,1,http://kthboyz-fairgrounds.herokuapp.com/pub/home,52,0,0
1552405268752,257,HTTP Request,200,,Thread Group 1-84,text,true,,5338,407,1,1,http://kthboyz-fairgrounds.herokuapp.com/pub/home,207,0,43
1552405268752,207,HTTP Request-0,302,,Thread Group 1-84,,true,,424,262,1,1,http://kthboyz-fairgrounds.herokuapp.com/pub/login,207,0,43
1552405268959,50,HTTP Request-1,200,,Thread Group 1-84,text,true,,4914,145,1,1,http://kthboyz-fairgrounds.herokuapp.com/pub/home,50,0,0
1552405269043,261,HTTP Request,200,,Thread Group 1-85,text,true,,5338,407,1,1,http://kthboyz-fairgrounds.herokuapp.com/pub/home,211,0,42
1552405269043,211,HTTP Request-0,302,,Thread Group 1-85,,true,,424,262,1,1,http://kthboyz-fairgrounds.herokuapp.com/pub/login,211,0,42
1552405269254,50,HTTP Request-1,200,,Thread Group 1-85,text,true,,4914,145,1,1,http://kthboyz-fairgrounds.herokuapp.com/pub/home,50,0,0
1552405269332,253,HTTP Request,200,,Thread Group 1-86,text,true,,5338,407,1,1,http://kthboyz-fairgrounds.herokuapp.com/pub/home,200,0,43
1552405269332,200,HTTP Request-0,302,,Thread Group 1-86,,true,,424,262,1,1,http://kthboyz-fairgrounds.herokuapp.com/pub/login,200,0,43
1552405269532,53,HTTP Request-1,200,,Thread Group 1-86,text,true,,4914,145,1,1,http://kthboyz-fairgrounds.herokuapp.com/pub/home,53,0,0
1552405269619,249,HTTP Request,200,,Thread Group 1-87,text,true,,5338,407,1,1,http://kthboyz-fairgrounds.herokuapp.com/pub/home,197,0,42
1552405269619,197,HTTP Request-0,302,,Thread Group 1-87,,true,,424,262,1,1,http://kthboyz-fairgrounds.herokuapp.com/pub/login,197,0,42
1552405269817,51,HTTP Request-1,200,,Thread Group 1-87,text,true,,4914,145,1,1,http://kthboyz-fairgrounds.herokuapp.com/pub/home,50,0,0
1552405269909,267,HTTP Request,200,,Thread Group 1-88,text,true,,5338,407,1,1,http://kthboyz-fairgrounds.herokuapp.com/pub/home,214,0,43
1552405269909,214,HTTP Request-0,302,,Thread Group 1-88,,true,,424,262,1,1,http://kthboyz-fairgrounds.herokuapp.com/pub/login,214,0,43
1552405270123,53,HTTP Request-1,200,,Thread Group 1-88,text,true,,4914,145,1,1,http://kthboyz-fairgrounds.herokuapp.com/pub/home,53,0,0
1552405270198,270,HTTP Request,200,,Thread Group 1-89,text,true,,5338,407,1,1,http://kthboyz-fairgrounds.herokuapp.com/pub/home,221,0,42
1552405270198,221,HTTP Request-0,302,,Thread Group 1-89,,true,,424,262,1,1,http://kthboyz-fairgrounds.herokuapp.com/pub/login,221,0,42
1552405270419,49,HTTP Request-1,200,,Thread Group 1-89,text,true,,4914,145,1,1,http://kthboyz-fairgrounds.herokuapp.com/pub/home,49,0,0
1552405270490,262,HTTP Request,200,,Thread Group 1-90,text,true,,5338,407,1,1,http://kthboyz-fairgrounds.herokuapp.com/pub/home,212,0,43
1552405270490,212,HTTP Request-0,302,,Thread Group 1-90,,true,,424,262,1,1,http://kthboyz-fairgrounds.herokuapp.com/pub/login,212,0,43
1552405270702,50,HTTP Request-1,200,,Thread Group 1-90,text,true,,4914,145,1,1,http://kthboyz-fairgrounds.herokuapp.com/pub/home,50,0,0
1552405270778,254,HTTP Request,200,,Thread Group 1-91,text,true,,5338,407,1,1,http://kthboyz-fairgrounds.herokuapp.com/pub/home,200,0,42
1552405270778,200,HTTP Request-0,302,,Thread Group 1-91,,true,,424,262,1,1,http://kthboyz-fairgrounds.herokuapp.com/pub/login,200,0,42
1552405270978,54,HTTP Request-1,200,,Thread Group 1-91,text,true,,4914,145,1,1,http://kthboyz-fairgrounds.herokuapp.com/pub/home,53,0,0
1552405271068,265,HTTP Request,200,,Thread Group 1-92,text,true,,5338,407,1,1,http://kthboyz-fairgrounds.herokuapp.com/pub/home,211,0,42
1552405271068,211,HTTP Request-0,302,,Thread Group 1-92,,true,,424,262,1,1,http://kthboyz-fairgrounds.herokuapp.com/pub/login,211,0,42
1552405271279,54,HTTP Request-1,200,,Thread Group 1-92,text,true,,4914,145,1,1,http://kthboyz-fairgrounds.herokuapp.com/pub/home,53,0,0
1552405271353,268,HTTP Request,200,,Thread Group 1-93,text,true,,5338,407,1,1,http://kthboyz-fairgrounds.herokuapp.com/pub/home,218,0,42
1552405271353,218,HTTP Request-0,302,,Thread Group 1-93,,true,,424,262,1,1,http://kthboyz-fairgrounds.herokuapp.com/pub/login,218,0,42
1552405271571,50,HTTP Request-1,200,,Thread Group 1-93,text,true,,4914,145,1,1,http://kthboyz-fairgrounds.herokuapp.com/pub/home,50,0,0
1552405271643,253,HTTP Request,200,,Thread Group 1-94,text,true,,5338,407,1,1,http://kthboyz-fairgrounds.herokuapp.com/pub/home,202,0,43
1552405271643,202,HTTP Request-0,302,,Thread Group 1-94,,true,,424,262,1,1,http://kthboyz-fairgrounds.herokuapp.com/pub/login,202,0,43
1552405271845,51,HTTP Request-1,200,,Thread Group 1-94,text,true,,4914,145,1,1,http://kthboyz-fairgrounds.herokuapp.com/pub/home,51,0,0
1552405271935,260,HTTP Request,200,,Thread Group 1-95,text,true,,5338,407,1,1,http://kthboyz-fairgrounds.herokuapp.com/pub/home,208,0,42
1552405271935,208,HTTP Request-0,302,,Thread Group 1-95,,true,,424,262,1,1,http://kthboyz-fairgrounds.herokuapp.com/pub/login,208,0,42
1552405272144,51,HTTP Request-1,200,,Thread Group 1-95,text,true,,4914,145,1,1,http://kthboyz-fairgrounds.herokuapp.com/pub/home,51,0,0
1552405272222,249,HTTP Request,200,,Thread Group 1-96,text,true,,5338,407,1,1,http://kthboyz-fairgrounds.herokuapp.com/pub/home,197,0,43
1552405272222,197,HTTP Request-0,302,,Thread Group 1-96,,true,,424,262,1,1,http://kthboyz-fairgrounds.herokuapp.com/pub/login,197,0,43
1552405272420,51,HTTP Request-1,200,,Thread Group 1-96,text,true,,4914,145,1,1,http://kthboyz-fairgrounds.herokuapp.com/pub/home,51,0,0
1552405272509,261,HTTP Request,200,,Thread Group 1-97,text,true,,5338,407,1,1,http://kthboyz-fairgrounds.herokuapp.com/pub/home,211,0,42
1552405272509,211,HTTP Request-0,302,,Thread Group 1-97,,true,,424,262,1,1,http://kthboyz-fairgrounds.herokuapp.com/pub/login,211,0,42
1552405272721,49,HTTP Request-1,200,,Thread Group 1-97,text,true,,4914,145,1,1,http://kthboyz-fairgrounds.herokuapp.com/pub/home,49,0,0
1552405272806,264,HTTP Request,200,,Thread Group 1-98,text,true,,5338,407,1,1,http://kthboyz-fairgrounds.herokuapp.com/pub/home,215,0,43
1552405272806,215,HTTP Request-0,302,,Thread Group 1-98,,true,,424,262,1,1,http://kthboyz-fairgrounds.herokuapp.com/pub/login,215,0,43
1552405273021,49,HTTP Request-1,200,,Thread Group 1-98,text,true,,4914,145,1,1,http://kthboyz-fairgrounds.herokuapp.com/pub/home,49,0,0
1552405273089,267,HTTP Request,200,,Thread Group 1-99,text,true,,5338,407,1,1,http://kthboyz-fairgrounds.herokuapp.com/pub/home,216,0,43
1552405273089,216,HTTP Request-0,302,,Thread Group 1-99,,true,,424,262,1,1,http://kthboyz-fairgrounds.herokuapp.com/pub/login,216,0,43
1552405273305,51,HTTP Request-1,200,,Thread Group 1-99,text,true,,4914,145,1,1,http://kthboyz-fairgrounds.herokuapp.com/pub/home,50,0,0
1552405273379,253,HTTP Request,200,,Thread Group 1-100,text,true,,5338,407,1,1,http://kthboyz-fairgrounds.herokuapp.com/pub/home,203,0,41
1552405273379,203,HTTP Request-0,302,,Thread Group 1-100,,true,,424,262,1,1,http://kthboyz-fairgrounds.herokuapp.com/pub/login,203,0,41
1552405273582,50,HTTP Request-1,200,,Thread Group 1-100,text,true,,4914,145,1,1,http://kthboyz-fairgrounds.herokuapp.com/pub/home,50,0,0
1552405273670,266,HTTP Request,200,,Thread Group 1-101,text,true,,5338,407,1,1,http://kthboyz-fairgrounds.herokuapp.com/pub/home,217,0,42
1552405273670,217,HTTP Request-0,302,,Thread Group 1-101,,true,,424,262,1,1,http://kthboyz-fairgrounds.herokuapp.com/pub/login,217,0,42
1552405273887,49,HTTP Request-1,200,,Thread Group 1-101,text,true,,4914,145,1,1,http://kthboyz-fairgrounds.herokuapp.com/pub/home,49,0,0
1552405273959,271,HTTP Request,200,,Thread Group 1-102,text,true,,5338,407,1,1,http://kthboyz-fairgrounds.herokuapp.com/pub/home,222,0,42
1552405273959,222,HTTP Request-0,302,,Thread Group 1-102,,true,,424,262,1,1,http://kthboyz-fairgrounds.herokuapp.com/pub/login,222,0,42
1552405274181,49,HTTP Request-1,200,,Thread Group 1-102,text,true,,4914,145,1,1,http://kthboyz-fairgrounds.herokuapp.com/pub/home,49,0,0
1552405274248,276,HTTP Request,200,,Thread Group 1-103,text,true,,5338,407,1,1,http://kthboyz-fairgrounds.herokuapp.com/pub/home,219,0,43
1552405274248,219,HTTP Request-0,302,,Thread Group 1-103,,true,,424,262,1,1,http://kthboyz-fairgrounds.herokuapp.com/pub/login,219,0,43
1552405274467,57,HTTP Request-1,200,,Thread Group 1-103,text,true,,4914,145,1,1,http://kthboyz-fairgrounds.herokuapp.com/pub/home,57,0,0
1552405274537,407,HTTP Request,200,,Thread Group 1-104,text,true,,5338,407,2,2,http://kthboyz-fairgrounds.herokuapp.com/pub/home,346,0,42
1552405274537,346,HTTP Request-0,302,,Thread Group 1-104,,true,,424,262,2,2,http://kthboyz-fairgrounds.herokuapp.com/pub/login,346,0,42
1552405274884,60,HTTP Request-1,200,,Thread Group 1-104,text,true,,4914,145,2,2,http://kthboyz-fairgrounds.herokuapp.com/pub/home,60,0,0
1552405274825,410,HTTP Request,200,,Thread Group 1-105,text,true,,5338,407,2,2,http://kthboyz-fairgrounds.herokuapp.com/pub/home,347,0,45
1552405274825,347,HTTP Request-0,302,,Thread Group 1-105,,true,,424,262,2,2,http://kthboyz-fairgrounds.herokuapp.com/pub/login,347,0,45
1552405275172,63,HTTP Request-1,200,,Thread Group 1-105,text,true,,4914,145,2,2,http://kthboyz-fairgrounds.herokuapp.com/pub/home,63,0,0
1552405275112,288,HTTP Request,200,,Thread Group 1-106,text,true,,5338,407,2,2,http://kthboyz-fairgrounds.herokuapp.com/pub/home,230,0,43
1552405275112,230,HTTP Request-0,302,,Thread Group 1-106,,true,,424,262,2,2,http://kthboyz-fairgrounds.herokuapp.com/pub/login,230,0,43
1552405275342,58,HTTP Request-1,200,,Thread Group 1-106,text,true,,4914,145,2,2,http://kthboyz-fairgrounds.herokuapp.com/pub/home,55,0,0
1552405275399,312,HTTP Request,200,,Thread Group 1-107,text,true,,5338,407,2,2,http://kthboyz-fairgrounds.herokuapp.com/pub/home,252,0,43
1552405275399,252,HTTP Request-0,302,,Thread Group 1-107,,true,,424,262,2,2,http://kthboyz-fairgrounds.herokuapp.com/pub/login,252,0,43
1552405275651,60,HTTP Request-1,200,,Thread Group 1-107,text,true,,4914,145,2,2,http://kthboyz-fairgrounds.herokuapp.com/pub/home,59,0,0
1552405275689,334,HTTP Request,200,,Thread Group 1-108,text,true,,5338,407,2,2,http://kthboyz-fairgrounds.herokuapp.com/pub/home,277,0,43
1552405275689,277,HTTP Request-0,302,,Thread Group 1-108,,true,,424,262,2,2,http://kthboyz-fairgrounds.herokuapp.com/pub/login,277,0,43
1552405275967,56,HTTP Request-1,200,,Thread Group 1-108,text,true,,4914,145,2,2,http://kthboyz-fairgrounds.herokuapp.com/pub/home,56,0,0
1552405275979,280,HTTP Request,200,,Thread Group 1-109,text,true,,5338,407,1,1,http://kthboyz-fairgrounds.herokuapp.com/pub/home,229,0,41
1552405275979,229,HTTP Request-0,302,,Thread Group 1-109,,true,,424,262,1,1,http://kthboyz-fairgrounds.herokuapp.com/pub/login,229,0,41
1552405276208,51,HTTP Request-1,200,,Thread Group 1-109,text,true,,4914,145,1,1,http://kthboyz-fairgrounds.herokuapp.com/pub/home,51,0,0
1552405276270,273,HTTP Request,200,,Thread Group 1-110,text,true,,5338,407,1,1,http://kthboyz-fairgrounds.herokuapp.com/pub/home,221,0,42
1552405276270,221,HTTP Request-0,302,,Thread Group 1-110,,true,,424,262,1,1,http://kthboyz-fairgrounds.herokuapp.com/pub/login,221,0,42
1552405276491,52,HTTP Request-1,200,,Thread Group 1-110,text,true,,4914,145,1,1,http://kthboyz-fairgrounds.herokuapp.com/pub/home,51,0,0
1552405276560,282,HTTP Request,200,,Thread Group 1-111,text,true,,5338,407,1,1,http://kthboyz-fairgrounds.herokuapp.com/pub/home,227,0,42
1552405276560,227,HTTP Request-0,302,,Thread Group 1-111,,true,,424,262,1,1,http://kthboyz-fairgrounds.herokuapp.com/pub/login,227,0,42
1552405276788,54,HTTP Request-1,200,,Thread Group 1-111,text,true,,4914,145,1,1,http://kthboyz-fairgrounds.herokuapp.com/pub/home,54,0,0
1552405276849,330,HTTP Request,200,,Thread Group 1-112,text,true,,5338,407,2,2,http://kthboyz-fairgrounds.herokuapp.com/pub/home,265,0,42
1552405276849,265,HTTP Request-0,302,,Thread Group 1-112,,true,,424,262,2,2,http://kthboyz-fairgrounds.herokuapp.com/pub/login,265,0,42
1552405277114,65,HTTP Request-1,200,,Thread Group 1-112,text,true,,4914,145,2,2,http://kthboyz-fairgrounds.herokuapp.com/pub/home,65,0,0
1552405277136,309,HTTP Request,200,,Thread Group 1-113,text,true,,5338,407,2,2,http://kthboyz-fairgrounds.herokuapp.com/pub/home,254,0,43
1552405277136,254,HTTP Request-0,302,,Thread Group 1-113,,true,,424,262,2,2,http://kthboyz-fairgrounds.herokuapp.com/pub/login,254,0,43
1552405277390,55,HTTP Request-1,200,,Thread Group 1-113,text,true,,4914,145,2,2,http://kthboyz-fairgrounds.herokuapp.com/pub/home,54,0,0
1552405277426,438,HTTP Request,200,,Thread Group 1-114,text,true,,5338,407,2,2,http://kthboyz-fairgrounds.herokuapp.com/pub/home,372,0,42
1552405277426,372,HTTP Request-0,302,,Thread Group 1-114,,true,,424,262,2,2,http://kthboyz-fairgrounds.herokuapp.com/pub/login,372,0,42
1552405277799,65,HTTP Request-1,200,,Thread Group 1-114,text,true,,4914,145,2,2,http://kthboyz-fairgrounds.herokuapp.com/pub/home,65,0,0
1552405277711,281,HTTP Request,200,,Thread Group 1-115,text,true,,5338,407,1,1,http://kthboyz-fairgrounds.herokuapp.com/pub/home,224,0,42
1552405277711,224,HTTP Request-0,302,,Thread Group 1-115,,true,,424,262,1,1,http://kthboyz-fairgrounds.herokuapp.com/pub/login,224,0,42
1552405277935,57,HTTP Request-1,200,,Thread Group 1-115,text,true,,4914,145,1,1,http://kthboyz-fairgrounds.herokuapp.com/pub/home,57,0,0
1552405278000,271,HTTP Request,200,,Thread Group 1-116,text,true,,5338,407,1,1,http://kthboyz-fairgrounds.herokuapp.com/pub/home,222,0,42
1552405278000,222,HTTP Request-0,302,,Thread Group 1-116,,true,,424,262,1,1,http://kthboyz-fairgrounds.herokuapp.com/pub/login,222,0,42
1552405278222,49,HTTP Request-1,200,,Thread Group 1-116,text,true,,4914,145,1,1,http://kthboyz-fairgrounds.herokuapp.com/pub/home,49,0,0
1552405278290,280,HTTP Request,200,,Thread Group 1-117,text,true,,5338,407,1,1,http://kthboyz-fairgrounds.herokuapp.com/pub/home,225,0,43
1552405278290,225,HTTP Request-0,302,,Thread Group 1-117,,true,,424,262,1,1,http://kthboyz-fairgrounds.herokuapp.com/pub/login,225,0,43
1552405278515,55,HTTP Request-1,200,,Thread Group 1-117,text,true,,4914,145,1,1,http://kthboyz-fairgrounds.herokuapp.com/pub/home,55,0,0
1552405278581,298,HTTP Request,200,,Thread Group 1-118,text,true,,5338,407,2,2,http://kthboyz-fairgrounds.herokuapp.com/pub/home,248,0,42
1552405278581,248,HTTP Request-0,302,,Thread Group 1-118,,true,,424,262,2,2,http://kthboyz-fairgrounds.herokuapp.com/pub/login,248,0,42
1552405278829,50,HTTP Request-1,200,,Thread Group 1-118,text,true,,4914,145,2,2,http://kthboyz-fairgrounds.herokuapp.com/pub/home,50,0,0
1552405278865,582,HTTP Request,200,,Thread Group 1-119,text,true,,5338,407,3,3,http://kthboyz-fairgrounds.herokuapp.com/pub/home,529,0,43
1552405278865,529,HTTP Request-0,302,,Thread Group 1-119,,true,,424,262,3,3,http://kthboyz-fairgrounds.herokuapp.com/pub/login,529,0,43
1552405279394,53,HTTP Request-1,200,,Thread Group 1-119,text,true,,4914,145,3,3,http://kthboyz-fairgrounds.herokuapp.com/pub/home,53,0,0
1552405279156,379,HTTP Request,200,,Thread Group 1-120,text,true,,5338,407,3,3,http://kthboyz-fairgrounds.herokuapp.com/pub/home,328,0,43
1552405279156,328,HTTP Request-0,302,,Thread Group 1-120,,true,,424,262,3,3,http://kthboyz-fairgrounds.herokuapp.com/pub/login,328,0,43
1552405279484,51,HTTP Request-1,200,,Thread Group 1-120,text,true,,4914,145,3,3,http://kthboyz-fairgrounds.herokuapp.com/pub/home,51,0,0
1552405279446,282,HTTP Request,200,,Thread Group 1-121,text,true,,5338,407,1,1,http://kthboyz-fairgrounds.herokuapp.com/pub/home,231,0,43
1552405279446,231,HTTP Request-0,302,,Thread Group 1-121,,true,,424,262,1,1,http://kthboyz-fairgrounds.herokuapp.com/pub/login,231,0,43
1552405279677,51,HTTP Request-1,200,,Thread Group 1-121,text,true,,4914,145,1,1,http://kthboyz-fairgrounds.herokuapp.com/pub/home,51,0,0
1552405279731,314,HTTP Request,200,,Thread Group 1-122,text,true,,5338,407,2,2,http://kthboyz-fairgrounds.herokuapp.com/pub/home,264,0,43
1552405279731,264,HTTP Request-0,302,,Thread Group 1-122,,true,,424,262,2,2,http://kthboyz-fairgrounds.herokuapp.com/pub/login,264,0,43
1552405279995,50,HTTP Request-1,200,,Thread Group 1-122,text,true,,4914,145,2,2,http://kthboyz-fairgrounds.herokuapp.com/pub/home,50,0,0
1552405280024,399,HTTP Request,200,,Thread Group 1-123,text,true,,5338,407,2,2,http://kthboyz-fairgrounds.herokuapp.com/pub/home,331,0,43
1552405280024,331,HTTP Request-0,302,,Thread Group 1-123,,true,,424,262,2,2,http://kthboyz-fairgrounds.herokuapp.com/pub/login,331,0,43
1552405280355,68,HTTP Request-1,200,,Thread Group 1-123,text,true,,4914,145,2,2,http://kthboyz-fairgrounds.herokuapp.com/pub/home,68,0,0
1552405280310,307,HTTP Request,200,,Thread Group 1-124,text,true,,5338,407,2,2,http://kthboyz-fairgrounds.herokuapp.com/pub/home,258,0,43
1552405280310,258,HTTP Request-0,302,,Thread Group 1-124,,true,,424,262,2,2,http://kthboyz-fairgrounds.herokuapp.com/pub/login,258,0,43
1552405280568,49,HTTP Request-1,200,,Thread Group 1-124,text,true,,4914,145,2,2,http://kthboyz-fairgrounds.herokuapp.com/pub/home,49,0,0
1552405280600,331,HTTP Request,200,,Thread Group 1-125,text,true,,5338,407,2,2,http://kthboyz-fairgrounds.herokuapp.com/pub/home,283,0,105
1552405280600,283,HTTP Request-0,302,,Thread Group 1-125,,true,,424,262,2,2,http://kthboyz-fairgrounds.herokuapp.com/pub/login,283,0,105
1552405280883,48,HTTP Request-1,200,,Thread Group 1-125,text,true,,4914,145,2,2,http://kthboyz-fairgrounds.herokuapp.com/pub/home,48,0,0
1552405280886,303,HTTP Request,200,,Thread Group 1-126,text,true,,5338,407,2,2,http://kthboyz-fairgrounds.herokuapp.com/pub/home,251,0,42
1552405280886,251,HTTP Request-0,302,,Thread Group 1-126,,true,,424,262,2,2,http://kthboyz-fairgrounds.herokuapp.com/pub/login,251,0,42
1552405281137,52,HTTP Request-1,200,,Thread Group 1-126,text,true,,4914,145,2,2,http://kthboyz-fairgrounds.herokuapp.com/pub/home,52,0,0
1552405281176,321,HTTP Request,200,,Thread Group 1-127,text,true,,5338,407,2,2,http://kthboyz-fairgrounds.herokuapp.com/pub/home,266,0,42
1552405281176,266,HTTP Request-0,302,,Thread Group 1-127,,true,,424,262,2,2,http://kthboyz-fairgrounds.herokuapp.com/pub/login,266,0,42
1552405281442,55,HTTP Request-1,200,,Thread Group 1-127,text,true,,4914,145,2,2,http://kthboyz-fairgrounds.herokuapp.com/pub/home,55,0,0
1552405281466,323,HTTP Request,200,,Thread Group 1-128,text,true,,5338,407,2,2,http://kthboyz-fairgrounds.herokuapp.com/pub/home,272,0,43
1552405281466,272,HTTP Request-0,302,,Thread Group 1-128,,true,,424,262,2,2,http://kthboyz-fairgrounds.herokuapp.com/pub/login,272,0,43
1552405281738,51,HTTP Request-1,200,,Thread Group 1-128,text,true,,4914,145,2,2,http://kthboyz-fairgrounds.herokuapp.com/pub/home,49,0,0
1552405281754,277,HTTP Request,200,,Thread Group 1-129,text,true,,5338,407,1,1,http://kthboyz-fairgrounds.herokuapp.com/pub/home,222,0,42
1552405281754,222,HTTP Request-0,302,,Thread Group 1-129,,true,,424,262,1,1,http://kthboyz-fairgrounds.herokuapp.com/pub/login,222,0,42
1552405281977,54,HTTP Request-1,200,,Thread Group 1-129,text,true,,4914,145,1,1,http://kthboyz-fairgrounds.herokuapp.com/pub/home,54,0,0
1552405282043,260,HTTP Request,200,,Thread Group 1-130,text,true,,5338,407,1,1,http://kthboyz-fairgrounds.herokuapp.com/pub/home,209,0,42
1552405282043,209,HTTP Request-0,302,,Thread Group 1-130,,true,,424,262,1,1,http://kthboyz-fairgrounds.herokuapp.com/pub/login,209,0,42
1552405282252,51,HTTP Request-1,200,,Thread Group 1-130,text,true,,4914,145,1,1,http://kthboyz-fairgrounds.herokuapp.com/pub/home,51,0,0
1552405282333,278,HTTP Request,200,,Thread Group 1-131,text,true,,5338,407,1,1,http://kthboyz-fairgrounds.herokuapp.com/pub/home,226,0,43
1552405282333,226,HTTP Request-0,302,,Thread Group 1-131,,true,,424,262,1,1,http://kthboyz-fairgrounds.herokuapp.com/pub/login,226,0,43
1552405282559,52,HTTP Request-1,200,,Thread Group 1-131,text,true,,4914,145,1,1,http://kthboyz-fairgrounds.herokuapp.com/pub/home,52,0,0
1552405282620,274,HTTP Request,200,,Thread Group 1-132,text,true,,5338,407,1,1,http://kthboyz-fairgrounds.herokuapp.com/pub/home,225,0,42
1552405282620,225,HTTP Request-0,302,,Thread Group 1-132,,true,,424,262,1,1,http://kthboyz-fairgrounds.herokuapp.com/pub/login,225,0,42
1552405282845,49,HTTP Request-1,200,,Thread Group 1-132,text,true,,4914,145,1,1,http://kthboyz-fairgrounds.herokuapp.com/pub/home,49,0,0
1552405282906,306,HTTP Request,200,,Thread Group 1-133,text,true,,5338,407,2,2,http://kthboyz-fairgrounds.herokuapp.com/pub/home,246,0,43
1552405282906,246,HTTP Request-0,302,,Thread Group 1-133,,true,,424,262,2,2,http://kthboyz-fairgrounds.herokuapp.com/pub/login,246,0,43
1552405283152,60,HTTP Request-1,200,,Thread Group 1-133,text,true,,4914,145,2,2,http://kthboyz-fairgrounds.herokuapp.com/pub/home,60,0,0
1552405283195,309,HTTP Request,200,,Thread Group 1-134,text,true,,5338,407,2,2,http://kthboyz-fairgrounds.herokuapp.com/pub/home,256,0,44
1552405283195,256,HTTP Request-0,302,,Thread Group 1-134,,true,,424,262,2,2,http://kthboyz-fairgrounds.herokuapp.com/pub/login,256,0,44
1552405283451,53,HTTP Request-1,200,,Thread Group 1-134,text,true,,4914,145,2,2,http://kthboyz-fairgrounds.herokuapp.com/pub/home,53,0,0
1552405283486,276,HTTP Request,200,,Thread Group 1-135,text,true,,5338,407,1,1,http://kthboyz-fairgrounds.herokuapp.com/pub/home,215,0,41
1552405283486,215,HTTP Request-0,302,,Thread Group 1-135,,true,,424,262,1,1,http://kthboyz-fairgrounds.herokuapp.com/pub/login,215,0,41
1552405283701,61,HTTP Request-1,200,,Thread Group 1-135,text,true,,4914,145,1,1,http://kthboyz-fairgrounds.herokuapp.com/pub/home,60,0,0
1552405283775,263,HTTP Request,200,,Thread Group 1-136,text,true,,5338,407,1,1,http://kthboyz-fairgrounds.herokuapp.com/pub/home,214,0,42
1552405283775,214,HTTP Request-0,302,,Thread Group 1-136,,true,,424,262,1,1,http://kthboyz-fairgrounds.herokuapp.com/pub/login,214,0,42
1552405283990,48,HTTP Request-1,200,,Thread Group 1-136,text,true,,4914,145,1,1,http://kthboyz-fairgrounds.herokuapp.com/pub/home,48,0,0
1552405284060,306,HTTP Request,200,,Thread Group 1-137,text,true,,5338,407,2,2,http://kthboyz-fairgrounds.herokuapp.com/pub/home,257,0,41
1552405284060,257,HTTP Request-0,302,,Thread Group 1-137,,true,,424,262,2,2,http://kthboyz-fairgrounds.herokuapp.com/pub/login,257,0,41
1552405284317,49,HTTP Request-1,200,,Thread Group 1-137,text,true,,4914,145,2,2,http://kthboyz-fairgrounds.herokuapp.com/pub/home,49,0,0
1552405284350,288,HTTP Request,200,,Thread Group 1-138,text,true,,5338,407,1,1,http://kthboyz-fairgrounds.herokuapp.com/pub/home,237,0,42
1552405284350,237,HTTP Request-0,302,,Thread Group 1-138,,true,,424,262,1,1,http://kthboyz-fairgrounds.herokuapp.com/pub/login,237,0,42
1552405284587,51,HTTP Request-1,200,,Thread Group 1-138,text,true,,4914,145,1,1,http://kthboyz-fairgrounds.herokuapp.com/pub/home,51,0,0
1552405284640,269,HTTP Request,200,,Thread Group 1-139,text,true,,5338,407,1,1,http://kthboyz-fairgrounds.herokuapp.com/pub/home,218,0,43
1552405284640,218,HTTP Request-0,302,,Thread Group 1-139,,true,,424,262,1,1,http://kthboyz-fairgrounds.herokuapp.com/pub/login,218,0,43
1552405284858,51,HTTP Request-1,200,,Thread Group 1-139,text,true,,4914,145,1,1,http://kthboyz-fairgrounds.herokuapp.com/pub/home,50,0,0
1552405284930,279,HTTP Request,200,,Thread Group 1-140,text,true,,5338,407,1,1,http://kthboyz-fairgrounds.herokuapp.com/pub/home,227,0,43
1552405284930,227,HTTP Request-0,302,,Thread Group 1-140,,true,,424,262,1,1,http://kthboyz-fairgrounds.herokuapp.com/pub/login,227,0,43
1552405285157,52,HTTP Request-1,200,,Thread Group 1-140,text,true,,4914,145,1,1,http://kthboyz-fairgrounds.herokuapp.com/pub/home,52,0,0
1552405285218,335,HTTP Request,200,,Thread Group 1-141,text,true,,5338,407,2,2,http://kthboyz-fairgrounds.herokuapp.com/pub/home,280,0,43
1552405285218,280,HTTP Request-0,302,,Thread Group 1-141,,true,,424,262,2,2,http://kthboyz-fairgrounds.herokuapp.com/pub/login,280,0,43
1552405285498,55,HTTP Request-1,200,,Thread Group 1-141,text,true,,4914,145,2,2,http://kthboyz-fairgrounds.herokuapp.com/pub/home,54,0,0
1552405285506,369,HTTP Request,200,,Thread Group 1-142,text,true,,5338,407,2,2,http://kthboyz-fairgrounds.herokuapp.com/pub/home,314,0,42
1552405285506,314,HTTP Request-0,302,,Thread Group 1-142,,true,,424,262,2,2,http://kthboyz-fairgrounds.herokuapp.com/pub/login,314,0,42
1552405285820,55,HTTP Request-1,200,,Thread Group 1-142,text,true,,4914,145,2,2,http://kthboyz-fairgrounds.herokuapp.com/pub/home,55,0,0
1552405285796,364,HTTP Request,200,,Thread Group 1-143,text,true,,5338,407,2,2,http://kthboyz-fairgrounds.herokuapp.com/pub/home,314,0,42
1552405285796,314,HTTP Request-0,302,,Thread Group 1-143,,true,,424,262,2,2,http://kthboyz-fairgrounds.herokuapp.com/pub/login,314,0,42
1552405286110,50,HTTP Request-1,200,,Thread Group 1-143,text,true,,4914,145,2,2,http://kthboyz-fairgrounds.herokuapp.com/pub/home,50,0,0
1552405286087,261,HTTP Request,200,,Thread Group 1-144,text,true,,5338,407,1,1,http://kthboyz-fairgrounds.herokuapp.com/pub/home,206,0,41
1552405286087,206,HTTP Request-0,302,,Thread Group 1-144,,true,,424,262,1,1,http://kthboyz-fairgrounds.herokuapp.com/pub/login,206,0,41
1552405286293,55,HTTP Request-1,200,,Thread Group 1-144,text,true,,4914,145,1,1,http://kthboyz-fairgrounds.herokuapp.com/pub/home,55,0,0
1552405286372,259,HTTP Request,200,,Thread Group 1-145,text,true,,5338,407,1,1,http://kthboyz-fairgrounds.herokuapp.com/pub/home,207,0,43
1552405286372,207,HTTP Request-0,302,,Thread Group 1-145,,true,,424,262,1,1,http://kthboyz-fairgrounds.herokuapp.com/pub/login,207,0,43
1552405286579,52,HTTP Request-1,200,,Thread Group 1-145,text,true,,4914,145,1,1,http://kthboyz-fairgrounds.herokuapp.com/pub/home,52,0,0
1552405286660,291,HTTP Request,200,,Thread Group 1-146,text,true,,5338,407,2,2,http://kthboyz-fairgrounds.herokuapp.com/pub/home,240,0,41
1552405286660,240,HTTP Request-0,302,,Thread Group 1-146,,true,,424,262,2,2,http://kthboyz-fairgrounds.herokuapp.com/pub/login,240,0,41
1552405286900,51,HTTP Request-1,200,,Thread Group 1-146,text,true,,4914,145,2,2,http://kthboyz-fairgrounds.herokuapp.com/pub/home,51,0,0
1552405286951,272,HTTP Request,200,,Thread Group 1-147,text,true,,5338,407,1,1,http://kthboyz-fairgrounds.herokuapp.com/pub/home,221,0,43
1552405286951,221,HTTP Request-0,302,,Thread Group 1-147,,true,,424,262,1,1,http://kthboyz-fairgrounds.herokuapp.com/pub/login,221,0,43
1552405287172,51,HTTP Request-1,200,,Thread Group 1-147,text,true,,4914,145,1,1,http://kthboyz-fairgrounds.herokuapp.com/pub/home,51,0,0
1552405287236,271,HTTP Request,200,,Thread Group 1-148,text,true,,5338,407,1,1,http://kthboyz-fairgrounds.herokuapp.com/pub/home,218,0,41
1552405287236,218,HTTP Request-0,302,,Thread Group 1-148,,true,,424,262,1,1,http://kthboyz-fairgrounds.herokuapp.com/pub/login,218,0,41
1552405287455,52,HTTP Request-1,200,,Thread Group 1-148,text,true,,4914,145,1,1,http://kthboyz-fairgrounds.herokuapp.com/pub/home,52,0,0
1552405287526,290,HTTP Request,200,,Thread Group 1-149,text,true,,5338,407,2,2,http://kthboyz-fairgrounds.herokuapp.com/pub/home,239,0,41
1552405287526,239,HTTP Request-0,302,,Thread Group 1-149,,true,,424,262,2,2,http://kthboyz-fairgrounds.herokuapp.com/pub/login,239,0,41
1552405287765,51,HTTP Request-1,200,,Thread Group 1-149,text,true,,4914,145,2,2,http://kthboyz-fairgrounds.herokuapp.com/pub/home,51,0,0
1552405287816,274,HTTP Request,200,,Thread Group 1-150,text,true,,5338,407,1,1,http://kthboyz-fairgrounds.herokuapp.com/pub/home,220,0,42
1552405287816,220,HTTP Request-0,302,,Thread Group 1-150,,true,,424,262,1,1,http://kthboyz-fairgrounds.herokuapp.com/pub/login,220,0,42
1552405288036,54,HTTP Request-1,200,,Thread Group 1-150,text,true,,4914,145,1,1,http://kthboyz-fairgrounds.herokuapp.com/pub/home,54,0,0
1552405288107,270,HTTP Request,200,,Thread Group 1-151,text,true,,5338,407,1,1,http://kthboyz-fairgrounds.herokuapp.com/pub/home,219,0,42
1552405288107,219,HTTP Request-0,302,,Thread Group 1-151,,true,,424,262,1,1,http://kthboyz-fairgrounds.herokuapp.com/pub/login,219,0,42
1552405288326,51,HTTP Request-1,200,,Thread Group 1-151,text,true,,4914,145,1,1,http://kthboyz-fairgrounds.herokuapp.com/pub/home,50,0,0
1552405288390,264,HTTP Request,200,,Thread Group 1-152,text,true,,5338,407,1,1,http://kthboyz-fairgrounds.herokuapp.com/pub/home,211,0,42
1552405288390,211,HTTP Request-0,302,,Thread Group 1-152,,true,,424,262,1,1,http://kthboyz-fairgrounds.herokuapp.com/pub/login,211,0,42
1552405288601,53,HTTP Request-1,200,,Thread Group 1-152,text,true,,4914,145,1,1,http://kthboyz-fairgrounds.herokuapp.com/pub/home,53,0,0
1552405288683,252,HTTP Request,200,,Thread Group 1-153,text,true,,5338,407,1,1,http://kthboyz-fairgrounds.herokuapp.com/pub/home,200,0,42
1552405288683,200,HTTP Request-0,302,,Thread Group 1-153,,true,,424,262,1,1,http://kthboyz-fairgrounds.herokuapp.com/pub/login,200,0,42
1552405288884,51,HTTP Request-1,200,,Thread Group 1-153,text,true,,4914,145,1,1,http://kthboyz-fairgrounds.herokuapp.com/pub/home,51,0,0
1552405288974,250,HTTP Request,200,,Thread Group 1-154,text,true,,5338,407,1,1,http://kthboyz-fairgrounds.herokuapp.com/pub/home,198,0,42
1552405288974,198,HTTP Request-0,302,,Thread Group 1-154,,true,,424,262,1,1,http://kthboyz-fairgrounds.herokuapp.com/pub/login,198,0,42
1552405289172,52,HTTP Request-1,200,,Thread Group 1-154,text,true,,4914,145,1,1,http://kthboyz-fairgrounds.herokuapp.com/pub/home,51,0,0
1552405289261,255,HTTP Request,200,,Thread Group 1-155,text,true,,5338,407,1,1,http://kthboyz-fairgrounds.herokuapp.com/pub/home,206,0,43
1552405289261,206,HTTP Request-0,302,,Thread Group 1-155,,true,,424,262,1,1,http://kthboyz-fairgrounds.herokuapp.com/pub/login,206,0,43
1552405289467,49,HTTP Request-1,200,,Thread Group 1-155,text,true,,4914,145,1,1,http://kthboyz-fairgrounds.herokuapp.com/pub/home,49,0,0
1552405289551,264,HTTP Request,200,,Thread Group 1-156,text,true,,5338,407,1,1,http://kthboyz-fairgrounds.herokuapp.com/pub/home,213,0,43
1552405289551,213,HTTP Request-0,302,,Thread Group 1-156,,true,,424,262,1,1,http://kthboyz-fairgrounds.herokuapp.com/pub/login,213,0,43
1552405289764,51,HTTP Request-1,200,,Thread Group 1-156,text,true,,4914,145,1,1,http://kthboyz-fairgrounds.herokuapp.com/pub/home,51,0,0
1552405289841,263,HTTP Request,200,,Thread Group 1-157,text,true,,5338,407,1,1,http://kthboyz-fairgrounds.herokuapp.com/pub/home,212,0,43
1552405289841,212,HTTP Request-0,302,,Thread Group 1-157,,true,,424,262,1,1,http://kthboyz-fairgrounds.herokuapp.com/pub/login,212,0,43
1552405290053,51,HTTP Request-1,200,,Thread Group 1-157,text,true,,4914,145,1,1,http://kthboyz-fairgrounds.herokuapp.com/pub/home,51,0,0
1552405290133,270,HTTP Request,200,,Thread Group 1-158,text,true,,5338,407,1,1,http://kthboyz-fairgrounds.herokuapp.com/pub/home,220,0,42
1552405290133,220,HTTP Request-0,302,,Thread Group 1-158,,true,,424,262,1,1,http://kthboyz-fairgrounds.herokuapp.com/pub/login,220,0,42
1552405290353,50,HTTP Request-1,200,,Thread Group 1-158,text,true,,4914,145,1,1,http://kthboyz-fairgrounds.herokuapp.com/pub/home,49,0,0
1552405290420,272,HTTP Request,200,,Thread Group 1-159,text,true,,5338,407,1,1,http://kthboyz-fairgrounds.herokuapp.com/pub/home,222,0,43
1552405290420,222,HTTP Request-0,302,,Thread Group 1-159,,true,,424,262,1,1,http://kthboyz-fairgrounds.herokuapp.com/pub/login,222,0,43
1552405290642,50,HTTP Request-1,200,,Thread Group 1-159,text,true,,4914,145,1,1,http://kthboyz-fairgrounds.herokuapp.com/pub/home,50,0,0
1552405290707,300,HTTP Request,200,,Thread Group 1-160,text,true,,5338,407,2,2,http://kthboyz-fairgrounds.herokuapp.com/pub/home,248,0,43
1552405290707,248,HTTP Request-0,302,,Thread Group 1-160,,true,,424,262,2,2,http://kthboyz-fairgrounds.herokuapp.com/pub/login,248,0,43
1552405290955,52,HTTP Request-1,200,,Thread Group 1-160,text,true,,4914,145,2,2,http://kthboyz-fairgrounds.herokuapp.com/pub/home,52,0,0
1552405291002,269,HTTP Request,200,,Thread Group 1-161,text,true,,5338,407,1,1,http://kthboyz-fairgrounds.herokuapp.com/pub/home,211,0,42
1552405291002,211,HTTP Request-0,302,,Thread Group 1-161,,true,,424,262,1,1,http://kthboyz-fairgrounds.herokuapp.com/pub/login,211,0,42
1552405291214,57,HTTP Request-1,200,,Thread Group 1-161,text,true,,4914,145,1,1,http://kthboyz-fairgrounds.herokuapp.com/pub/home,57,0,0
1552405291288,269,HTTP Request,200,,Thread Group 1-162,text,true,,5338,407,1,1,http://kthboyz-fairgrounds.herokuapp.com/pub/home,217,0,42
1552405291288,217,HTTP Request-0,302,,Thread Group 1-162,,true,,424,262,1,1,http://kthboyz-fairgrounds.herokuapp.com/pub/login,217,0,42
1552405291505,52,HTTP Request-1,200,,Thread Group 1-162,text,true,,4914,145,1,1,http://kthboyz-fairgrounds.herokuapp.com/pub/home,52,0,0
1552405291574,429,HTTP Request,200,,Thread Group 1-163,text,true,,5338,407,2,2,http://kthboyz-fairgrounds.herokuapp.com/pub/home,368,0,42
1552405291574,368,HTTP Request-0,302,,Thread Group 1-163,,true,,424,262,2,2,http://kthboyz-fairgrounds.herokuapp.com/pub/login,368,0,42
1552405291942,61,HTTP Request-1,200,,Thread Group 1-163,text,true,,4914,145,2,2,http://kthboyz-fairgrounds.herokuapp.com/pub/home,61,0,0
1552405291866,397,HTTP Request,200,,Thread Group 1-164,text,true,,5338,407,2,2,http://kthboyz-fairgrounds.herokuapp.com/pub/home,343,0,91
1552405291866,343,HTTP Request-0,302,,Thread Group 1-164,,true,,424,262,2,2,http://kthboyz-fairgrounds.herokuapp.com/pub/login,343,0,91
1552405292209,54,HTTP Request-1,200,,Thread Group 1-164,text,true,,4914,145,2,2,http://kthboyz-fairgrounds.herokuapp.com/pub/home,54,0,0
1552405292152,390,HTTP Request,200,,Thread Group 1-165,text,true,,5338,407,2,2,http://kthboyz-fairgrounds.herokuapp.com/pub/home,318,0,42
1552405292152,318,HTTP Request-0,302,,Thread Group 1-165,,true,,424,262,2,2,http://kthboyz-fairgrounds.herokuapp.com/pub/login,318,0,42
1552405292470,72,HTTP Request-1,200,,Thread Group 1-165,text,true,,4914,145,2,2,http://kthboyz-fairgrounds.herokuapp.com/pub/home,72,0,0
1552405292442,321,HTTP Request,200,,Thread Group 1-166,text,true,,5338,407,2,2,http://kthboyz-fairgrounds.herokuapp.com/pub/home,261,0,43
1552405292442,261,HTTP Request-0,302,,Thread Group 1-166,,true,,424,262,2,2,http://kthboyz-fairgrounds.herokuapp.com/pub/login,261,0,43
1552405292703,60,HTTP Request-1,200,,Thread Group 1-166,text,true,,4914,145,2,2,http://kthboyz-fairgrounds.herokuapp.com/pub/home,60,0,0
1552405292732,293,HTTP Request,200,,Thread Group 1-167,text,true,,5338,407,2,2,http://kthboyz-fairgrounds.herokuapp.com/pub/home,241,0,43
1552405292732,241,HTTP Request-0,302,,Thread Group 1-167,,true,,424,262,2,2,http://kthboyz-fairgrounds.herokuapp.com/pub/login,241,0,43
1552405292973,52,HTTP Request-1,200,,Thread Group 1-167,text,true,,4914,145,2,2,http://kthboyz-fairgrounds.herokuapp.com/pub/home,52,0,0
1552405293020,277,HTTP Request,200,,Thread Group 1-168,text,true,,5338,407,1,1,http://kthboyz-fairgrounds.herokuapp.com/pub/home,228,0,41
1552405293020,228,HTTP Request-0,302,,Thread Group 1-168,,true,,424,262,1,1,http://kthboyz-fairgrounds.herokuapp.com/pub/login,228,0,41
1552405293248,49,HTTP Request-1,200,,Thread Group 1-168,text,true,,4914,145,1,1,http://kthboyz-fairgrounds.herokuapp.com/pub/home,49,0,0
1552405293307,268,HTTP Request,200,,Thread Group 1-169,text,true,,5338,407,1,1,http://kthboyz-fairgrounds.herokuapp.com/pub/home,215,0,43
1552405293307,215,HTTP Request-0,302,,Thread Group 1-169,,true,,424,262,1,1,http://kthboyz-fairgrounds.herokuapp.com/pub/login,215,0,43
1552405293522,53,HTTP Request-1,200,,Thread Group 1-169,text,true,,4914,145,1,1,http://kthboyz-fairgrounds.herokuapp.com/pub/home,53,0,0
1552405293600,268,HTTP Request,200,,Thread Group 1-170,text,true,,5338,407,1,1,http://kthboyz-fairgrounds.herokuapp.com/pub/home,217,0,43
1552405293600,217,HTTP Request-0,302,,Thread Group 1-170,,true,,424,262,1,1,http://kthboyz-fairgrounds.herokuapp.com/pub/login,217,0,43
1552405293818,50,HTTP Request-1,200,,Thread Group 1-170,text,true,,4914,145,1,1,http://kthboyz-fairgrounds.herokuapp.com/pub/home,50,0,0
1552405293888,252,HTTP Request,200,,Thread Group 1-171,text,true,,5338,407,1,1,http://kthboyz-fairgrounds.herokuapp.com/pub/home,200,0,43
1552405293888,200,HTTP Request-0,302,,Thread Group 1-171,,true,,424,262,1,1,http://kthboyz-fairgrounds.herokuapp.com/pub/login,200,0,43
1552405294088,52,HTTP Request-1,200,,Thread Group 1-171,text,true,,4914,145,1,1,http://kthboyz-fairgrounds.herokuapp.com/pub/home,52,0,0
1552405294174,254,HTTP Request,200,,Thread Group 1-172,text,true,,5338,407,1,1,http://kthboyz-fairgrounds.herokuapp.com/pub/home,205,0,42
1552405294174,205,HTTP Request-0,302,,Thread Group 1-172,,true,,424,262,1,1,http://kthboyz-fairgrounds.herokuapp.com/pub/login,205,0,42
1552405294379,49,HTTP Request-1,200,,Thread Group 1-172,text,true,,4914,145,1,1,http://kthboyz-fairgrounds.herokuapp.com/pub/home,49,0,0
1552405294466,261,HTTP Request,200,,Thread Group 1-173,text,true,,5338,407,1,1,http://kthboyz-fairgrounds.herokuapp.com/pub/home,207,0,41
1552405294466,207,HTTP Request-0,302,,Thread Group 1-173,,true,,424,262,1,1,http://kthboyz-fairgrounds.herokuapp.com/pub/login,207,0,41
1552405294673,54,HTTP Request-1,200,,Thread Group 1-173,text,true,,4914,145,1,1,http://kthboyz-fairgrounds.herokuapp.com/pub/home,54,0,0
1552405294752,262,HTTP Request,200,,Thread Group 1-174,text,true,,5338,407,1,1,http://kthboyz-fairgrounds.herokuapp.com/pub/home,209,0,43
1552405294752,209,HTTP Request-0,302,,Thread Group 1-174,,true,,424,262,1,1,http://kthboyz-fairgrounds.herokuapp.com/pub/login,209,0,43
1552405294961,53,HTTP Request-1,200,,Thread Group 1-174,text,true,,4914,145,1,1,http://kthboyz-fairgrounds.herokuapp.com/pub/home,53,0,0
1552405295044,275,HTTP Request,200,,Thread Group 1-175,text,true,,5338,407,1,1,http://kthboyz-fairgrounds.herokuapp.com/pub/home,225,0,42
1552405295044,225,HTTP Request-0,302,,Thread Group 1-175,,true,,424,262,1,1,http://kthboyz-fairgrounds.herokuapp.com/pub/login,225,0,42
1552405295269,50,HTTP Request-1,200,,Thread Group 1-175,text,true,,4914,145,1,1,http://kthboyz-fairgrounds.herokuapp.com/pub/home,50,0,0
1552405295334,276,HTTP Request,200,,Thread Group 1-176,text,true,,5338,407,1,1,http://kthboyz-fairgrounds.herokuapp.com/pub/home,228,0,43
1552405295334,228,HTTP Request-0,302,,Thread Group 1-176,,true,,424,262,1,1,http://kthboyz-fairgrounds.herokuapp.com/pub/login,228,0,43
1552405295562,48,HTTP Request-1,200,,Thread Group 1-176,text,true,,4914,145,1,1,http://kthboyz-fairgrounds.herokuapp.com/pub/home,48,0,0
1552405295620,257,HTTP Request,200,,Thread Group 1-177,text,true,,5338,407,1,1,http://kthboyz-fairgrounds.herokuapp.com/pub/home,204,0,42
1552405295620,204,HTTP Request-0,302,,Thread Group 1-177,,true,,424,262,1,1,http://kthboyz-fairgrounds.herokuapp.com/pub/login,204,0,42
1552405295824,53,HTTP Request-1,200,,Thread Group 1-177,text,true,,4914,145,1,1,http://kthboyz-fairgrounds.herokuapp.com/pub/home,53,0,0
1552405295908,254,HTTP Request,200,,Thread Group 1-178,text,true,,5338,407,1,1,http://kthboyz-fairgrounds.herokuapp.com/pub/home,204,0,43
1552405295908,204,HTTP Request-0,302,,Thread Group 1-178,,true,,424,262,1,1,http://kthboyz-fairgrounds.herokuapp.com/pub/login,204,0,43
1552405296112,50,HTTP Request-1,200,,Thread Group 1-178,text,true,,4914,145,1,1,http://kthboyz-fairgrounds.herokuapp.com/pub/home,49,0,0
1552405296199,272,HTTP Request,200,,Thread Group 1-179,text,true,,5338,407,1,1,http://kthboyz-fairgrounds.herokuapp.com/pub/home,221,0,43
1552405296199,221,HTTP Request-0,302,,Thread Group 1-179,,true,,424,262,1,1,http://kthboyz-fairgrounds.herokuapp.com/pub/login,221,0,43
1552405296420,51,HTTP Request-1,200,,Thread Group 1-179,text,true,,4914,145,1,1,http://kthboyz-fairgrounds.herokuapp.com/pub/home,51,0,0
1552405296489,267,HTTP Request,200,,Thread Group 1-180,text,true,,5338,407,1,1,http://kthboyz-fairgrounds.herokuapp.com/pub/home,215,0,44
1552405296489,215,HTTP Request-0,302,,Thread Group 1-180,,true,,424,262,1,1,http://kthboyz-fairgrounds.herokuapp.com/pub/login,215,0,44
1552405296705,51,HTTP Request-1,200,,Thread Group 1-180,text,true,,4914,145,1,1,http://kthboyz-fairgrounds.herokuapp.com/pub/home,51,0,0
1552405296777,264,HTTP Request,200,,Thread Group 1-181,text,true,,5338,407,1,1,http://kthboyz-fairgrounds.herokuapp.com/pub/home,216,0,42
1552405296777,216,HTTP Request-0,302,,Thread Group 1-181,,true,,424,262,1,1,http://kthboyz-fairgrounds.herokuapp.com/pub/login,216,0,42
1552405296993,48,HTTP Request-1,200,,Thread Group 1-181,text,true,,4914,145,1,1,http://kthboyz-fairgrounds.herokuapp.com/pub/home,48,0,0
1552405297063,260,HTTP Request,200,,Thread Group 1-182,text,true,,5338,407,1,1,http://kthboyz-fairgrounds.herokuapp.com/pub/home,207,0,42
1552405297063,207,HTTP Request-0,302,,Thread Group 1-182,,true,,424,262,1,1,http://kthboyz-fairgrounds.herokuapp.com/pub/login,207,0,42
1552405297270,53,HTTP Request-1,200,,Thread Group 1-182,text,true,,4914,145,1,1,http://kthboyz-fairgrounds.herokuapp.com/pub/home,53,0,0
1552405297354,269,HTTP Request,200,,Thread Group 1-183,text,true,,5338,407,1,1,http://kthboyz-fairgrounds.herokuapp.com/pub/home,219,0,43
1552405297354,219,HTTP Request-0,302,,Thread Group 1-183,,true,,424,262,1,1,http://kthboyz-fairgrounds.herokuapp.com/pub/login,219,0,43
1552405297573,50,HTTP Request-1,200,,Thread Group 1-183,text,true,,4914,145,1,1,http://kthboyz-fairgrounds.herokuapp.com/pub/home,50,0,0
1552405297644,252,HTTP Request,200,,Thread Group 1-184,text,true,,5338,407,1,1,http://kthboyz-fairgrounds.herokuapp.com/pub/home,202,0,43
1552405297644,202,HTTP Request-0,302,,Thread Group 1-184,,true,,424,262,1,1,http://kthboyz-fairgrounds.herokuapp.com/pub/login,202,0,43
1552405297846,50,HTTP Request-1,200,,Thread Group 1-184,text,true,,4914,145,1,1,http://kthboyz-fairgrounds.herokuapp.com/pub/home,50,0,0
1552405297933,350,HTTP Request,200,,Thread Group 1-185,text,true,,5338,407,2,2,http://kthboyz-fairgrounds.herokuapp.com/pub/home,295,0,44
1552405297933,295,HTTP Request-0,302,,Thread Group 1-185,,true,,424,262,2,2,http://kthboyz-fairgrounds.herokuapp.com/pub/login,295,0,44
1552405298228,55,HTTP Request-1,200,,Thread Group 1-185,text,true,,4914,145,2,2,http://kthboyz-fairgrounds.herokuapp.com/pub/home,55,0,0
1552405298220,266,HTTP Request,200,,Thread Group 1-186,text,true,,5338,407,1,1,http://kthboyz-fairgrounds.herokuapp.com/pub/home,215,0,42
1552405298220,215,HTTP Request-0,302,,Thread Group 1-186,,true,,424,262,1,1,http://kthboyz-fairgrounds.herokuapp.com/pub/login,215,0,42
1552405298435,51,HTTP Request-1,200,,Thread Group 1-186,text,true,,4914,145,1,1,http://kthboyz-fairgrounds.herokuapp.com/pub/home,50,0,0
1552405298507,267,HTTP Request,200,,Thread Group 1-187,text,true,,5338,407,1,1,http://kthboyz-fairgrounds.herokuapp.com/pub/home,213,0,43
1552405298507,213,HTTP Request-0,302,,Thread Group 1-187,,true,,424,262,1,1,http://kthboyz-fairgrounds.herokuapp.com/pub/login,213,0,43
1552405298720,54,HTTP Request-1,200,,Thread Group 1-187,text,true,,4914,145,1,1,http://kthboyz-fairgrounds.herokuapp.com/pub/home,54,0,0
1552405298800,331,HTTP Request,200,,Thread Group 1-188,text,true,,5338,407,2,2,http://kthboyz-fairgrounds.herokuapp.com/pub/home,279,0,43
1552405298800,279,HTTP Request-0,302,,Thread Group 1-188,,true,,424,262,2,2,http://kthboyz-fairgrounds.herokuapp.com/pub/login,279,0,43
1552405299079,52,HTTP Request-1,200,,Thread Group 1-188,text,true,,4914,145,2,2,http://kthboyz-fairgrounds.herokuapp.com/pub/home,52,0,0
1552405299086,272,HTTP Request,200,,Thread Group 1-189,text,true,,5338,407,1,1,http://kthboyz-fairgrounds.herokuapp.com/pub/home,216,0,41
1552405299086,216,HTTP Request-0,302,,Thread Group 1-189,,true,,424,262,1,1,http://kthboyz-fairgrounds.herokuapp.com/pub/login,216,0,41
1552405299302,56,HTTP Request-1,200,,Thread Group 1-189,text,true,,4914,145,1,1,http://kthboyz-fairgrounds.herokuapp.com/pub/home,56,0,0
1552405299376,275,HTTP Request,200,,Thread Group 1-190,text,true,,5338,407,1,1,http://kthboyz-fairgrounds.herokuapp.com/pub/home,219,0,43
1552405299376,219,HTTP Request-0,302,,Thread Group 1-190,,true,,424,262,1,1,http://kthboyz-fairgrounds.herokuapp.com/pub/login,219,0,43
1552405299595,56,HTTP Request-1,200,,Thread Group 1-190,text,true,,4914,145,1,1,http://kthboyz-fairgrounds.herokuapp.com/pub/home,56,0,0
1552405299661,292,HTTP Request,200,,Thread Group 1-191,text,true,,5338,407,1,1,http://kthboyz-fairgrounds.herokuapp.com/pub/home,236,0,42
1552405299661,236,HTTP Request-0,302,,Thread Group 1-191,,true,,424,262,1,1,http://kthboyz-fairgrounds.herokuapp.com/pub/login,236,0,42
1552405299898,55,HTTP Request-1,200,,Thread Group 1-191,text,true,,4914,145,1,1,http://kthboyz-fairgrounds.herokuapp.com/pub/home,55,0,0
1552405299955,293,HTTP Request,200,,Thread Group 1-192,text,true,,5338,407,2,2,http://kthboyz-fairgrounds.herokuapp.com/pub/home,242,0,43
1552405299955,242,HTTP Request-0,302,,Thread Group 1-192,,true,,424,262,2,2,http://kthboyz-fairgrounds.herokuapp.com/pub/login,242,0,43
1552405300197,51,HTTP Request-1,200,,Thread Group 1-192,text,true,,4914,145,2,2,http://kthboyz-fairgrounds.herokuapp.com/pub/home,51,0,0
1552405300245,269,HTTP Request,200,,Thread Group 1-193,text,true,,5338,407,1,1,http://kthboyz-fairgrounds.herokuapp.com/pub/home,220,0,42
1552405300245,220,HTTP Request-0,302,,Thread Group 1-193,,true,,424,262,1,1,http://kthboyz-fairgrounds.herokuapp.com/pub/login,220,0,42
1552405300465,49,HTTP Request-1,200,,Thread Group 1-193,text,true,,4914,145,1,1,http://kthboyz-fairgrounds.herokuapp.com/pub/home,49,0,0
1552405300531,257,HTTP Request,200,,Thread Group 1-194,text,true,,5338,407,1,1,http://kthboyz-fairgrounds.herokuapp.com/pub/home,206,0,42
1552405300531,206,HTTP Request-0,302,,Thread Group 1-194,,true,,424,262,1,1,http://kthboyz-fairgrounds.herokuapp.com/pub/login,206,0,42
1552405300737,51,HTTP Request-1,200,,Thread Group 1-194,text,true,,4914,145,1,1,http://kthboyz-fairgrounds.herokuapp.com/pub/home,51,0,0
1552405300821,264,HTTP Request,200,,Thread Group 1-195,text,true,,5338,407,1,1,http://kthboyz-fairgrounds.herokuapp.com/pub/home,215,0,42
1552405300821,215,HTTP Request-0,302,,Thread Group 1-195,,true,,424,262,1,1,http://kthboyz-fairgrounds.herokuapp.com/pub/login,215,0,42
1552405301036,49,HTTP Request-1,200,,Thread Group 1-195,text,true,,4914,145,1,1,http://kthboyz-fairgrounds.herokuapp.com/pub/home,49,0,0
1552405301108,246,HTTP Request,200,,Thread Group 1-196,text,true,,5338,407,1,1,http://kthboyz-fairgrounds.herokuapp.com/pub/home,198,0,41
1552405301108,198,HTTP Request-0,302,,Thread Group 1-196,,true,,424,262,1,1,http://kthboyz-fairgrounds.herokuapp.com/pub/login,198,0,41
1552405301306,48,HTTP Request-1,200,,Thread Group 1-196,text,true,,4914,145,1,1,http://kthboyz-fairgrounds.herokuapp.com/pub/home,48,0,0
1552405301397,250,HTTP Request,200,,Thread Group 1-197,text,true,,5338,407,1,1,http://kthboyz-fairgrounds.herokuapp.com/pub/home,199,0,41
1552405301397,199,HTTP Request-0,302,,Thread Group 1-197,,true,,424,262,1,1,http://kthboyz-fairgrounds.herokuapp.com/pub/login,199,0,41
1552405301596,51,HTTP Request-1,200,,Thread Group 1-197,text,true,,4914,145,1,1,http://kthboyz-fairgrounds.herokuapp.com/pub/home,51,0,0
1552405301687,294,HTTP Request,200,,Thread Group 1-198,text,true,,5338,407,2,2,http://kthboyz-fairgrounds.herokuapp.com/pub/home,213,0,43
1552405301687,213,HTTP Request-0,302,,Thread Group 1-198,,true,,424,262,2,2,http://kthboyz-fairgrounds.herokuapp.com/pub/login,213,0,43
1552405301900,81,HTTP Request-1,200,,Thread Group 1-198,text,true,,4914,145,2,2,http://kthboyz-fairgrounds.herokuapp.com/pub/home,81,0,0
1552405301976,260,HTTP Request,200,,Thread Group 1-199,text,true,,5338,407,1,1,http://kthboyz-fairgrounds.herokuapp.com/pub/home,210,0,42
1552405301976,210,HTTP Request-0,302,,Thread Group 1-199,,true,,424,262,1,1,http://kthboyz-fairgrounds.herokuapp.com/pub/login,210,0,42
1552405302186,50,HTTP Request-1,200,,Thread Group 1-199,text,true,,4914,145,1,1,http://kthboyz-fairgrounds.herokuapp.com/pub/home,50,0,0
1552405302260,272,HTTP Request,200,,Thread Group 1-200,text,true,,5338,407,1,1,http://kthboyz-fairgrounds.herokuapp.com/pub/home,223,0,43
1552405302260,223,HTTP Request-0,302,,Thread Group 1-200,,true,,424,262,1,1,http://kthboyz-fairgrounds.herokuapp.com/pub/login,223,0,43
1552405302483,49,HTTP Request-1,200,,Thread Group 1-200,text,true,,4914,145,1,1,http://kthboyz-fairgrounds.herokuapp.com/pub/home,49,0,0
1552405302551,252,HTTP Request,200,,Thread Group 1-201,text,true,,5338,407,1,1,http://kthboyz-fairgrounds.herokuapp.com/pub/home,200,0,42
1552405302551,200,HTTP Request-0,302,,Thread Group 1-201,,true,,424,262,1,1,http://kthboyz-fairgrounds.herokuapp.com/pub/login,200,0,42
1552405302751,52,HTTP Request-1,200,,Thread Group 1-201,text,true,,4914,145,1,1,http://kthboyz-fairgrounds.herokuapp.com/pub/home,52,0,0
1552405302857,299,HTTP Request,200,,Thread Group 1-202,text,true,,5338,407,2,2,http://kthboyz-fairgrounds.herokuapp.com/pub/home,248,0,43
1552405302857,248,HTTP Request-0,302,,Thread Group 1-202,,true,,424,262,2,2,http://kthboyz-fairgrounds.herokuapp.com/pub/login,248,0,43
1552405303106,50,HTTP Request-1,200,,Thread Group 1-202,text,true,,4914,145,2,2,http://kthboyz-fairgrounds.herokuapp.com/pub/home,50,0,0
1552405303131,267,HTTP Request,200,,Thread Group 1-203,text,true,,5338,407,1,1,http://kthboyz-fairgrounds.herokuapp.com/pub/home,217,0,42
1552405303131,217,HTTP Request-0,302,,Thread Group 1-203,,true,,424,262,1,1,http://kthboyz-fairgrounds.herokuapp.com/pub/login,217,0,42
1552405303348,50,HTTP Request-1,200,,Thread Group 1-203,text,true,,4914,145,1,1,http://kthboyz-fairgrounds.herokuapp.com/pub/home,50,0,0
1552405303419,254,HTTP Request,200,,Thread Group 1-204,text,true,,5338,407,1,1,http://kthboyz-fairgrounds.herokuapp.com/pub/home,204,0,42
1552405303419,204,HTTP Request-0,302,,Thread Group 1-204,,true,,424,262,1,1,http://kthboyz-fairgrounds.herokuapp.com/pub/login,204,0,42
1552405303623,50,HTTP Request-1,200,,Thread Group 1-204,text,true,,4914,145,1,1,http://kthboyz-fairgrounds.herokuapp.com/pub/home,50,0,0
1552405303707,262,HTTP Request,200,,Thread Group 1-205,text,true,,5338,407,1,1,http://kthboyz-fairgrounds.herokuapp.com/pub/home,212,0,43
1552405303707,212,HTTP Request-0,302,,Thread Group 1-205,,true,,424,262,1,1,http://kthboyz-fairgrounds.herokuapp.com/pub/login,212,0,43
1552405303919,50,HTTP Request-1,200,,Thread Group 1-205,text,true,,4914,145,1,1,http://kthboyz-fairgrounds.herokuapp.com/pub/home,49,0,0
1552405303997,255,HTTP Request,200,,Thread Group 1-206,text,true,,5338,407,1,1,http://kthboyz-fairgrounds.herokuapp.com/pub/home,205,0,45
1552405303997,205,HTTP Request-0,302,,Thread Group 1-206,,true,,424,262,1,1,http://kthboyz-fairgrounds.herokuapp.com/pub/login,205,0,45
1552405304202,50,HTTP Request-1,200,,Thread Group 1-206,text,true,,4914,145,1,1,http://kthboyz-fairgrounds.herokuapp.com/pub/home,50,0,0
1552405304285,264,HTTP Request,200,,Thread Group 1-207,text,true,,5338,407,1,1,http://kthboyz-fairgrounds.herokuapp.com/pub/home,204,0,43
1552405304285,204,HTTP Request-0,302,,Thread Group 1-207,,true,,424,262,1,1,http://kthboyz-fairgrounds.herokuapp.com/pub/login,204,0,43
1552405304490,59,HTTP Request-1,200,,Thread Group 1-207,text,true,,4914,145,1,1,http://kthboyz-fairgrounds.herokuapp.com/pub/home,58,0,0
1552405304576,273,HTTP Request,200,,Thread Group 1-208,text,true,,5338,407,1,1,http://kthboyz-fairgrounds.herokuapp.com/pub/home,224,0,42
1552405304576,224,HTTP Request-0,302,,Thread Group 1-208,,true,,424,262,1,1,http://kthboyz-fairgrounds.herokuapp.com/pub/login,224,0,42
1552405304799,50,HTTP Request-1,200,,Thread Group 1-208,text,true,,4914,145,1,1,http://kthboyz-fairgrounds.herokuapp.com/pub/home,50,0,0
